# JRE version: OpenJDK Runtime Environment Temurin-21.0.11+10 (21.0.11+10) (build 21.0.11+10-LTS)
# Java VM: OpenJDK 64-Bit Server VM Temurin-21.0.11+10 (21.0.11+10-LTS, mixed mode, sharing, tiered, compressed oops, compressed class ptrs, parallel gc, windows-amd64)
GC Precious Log:
 CardTable entry size: 512
 CPUs: 16 total, 16 available
 Memory: 32557M
 Large Page Support: Disabled
 NUMA Support: Disabled
 Compressed Oops: Enabled (32-bit)
 Alignments: Space 512K, Generation 512K, Heap 2M
 Heap Min Capacity: 100M
 Heap Initial Capacity: 100M
 Heap Max Capacity: 2G
 Pre-touch: Disabled
 Parallel Workers: 13
Heap:
 PSYoungGen      total 25088K, used 10996K [0x00000000d5580000, 0x00000000d7b80000, 0x0000000100000000)
  eden space 20480K, 31% used [0x00000000d5580000,0x00000000d5bbe178,0x00000000d6980000)
  from space 4608K, 99% used [0x00000000d6980000,0x00000000d6dff248,0x00000000d6e00000)
  to   space 9216K, 0% used [0x00000000d7280000,0x00000000d7280000,0x00000000d7b80000)
 ParOldGen       total 68608K, used 30057K [0x0000000080000000, 0x0000000084300000, 0x00000000d5580000)
  object space 68608K, 43% used [0x0000000080000000,0x0000000081d5a660,0x0000000084300000)
 Metaspace       used 50509K, committed 51648K, reserved 1114112K
  class space    used 5747K, committed 6208K, reserved 1048576K
GC Heap History (20 events):
Event: 11.702 GC heap before
{Heap before GC invocations=14 (full 1):
 PSYoungGen      total 22528K, used 9539K [0x00000000d5580000, 0x00000000d7280000, 0x0000000100000000)
  eden space 22016K, 41% used [0x00000000d5580000,0x00000000d5e54a90,0x00000000d6b00000)
  from space 512K, 97% used [0x00000000d7200000,0x00000000d727c550,0x00000000d7280000)
  to   space 2560K, 0% used [0x00000000d6d80000,0x00000000d6d80000,0x00000000d7000000)
 ParOldGen       total 68608K, used 19368K [0x0000000080000000, 0x0000000084300000, 0x00000000d5580000)
  object space 68608K, 28% used [0x0000000080000000,0x00000000812ea280,0x0000000084300000)
 Metaspace       used 34697K, committed 35840K, reserved 1114112K
  class space    used 3582K, committed 4096K, reserved 1048576K
}
Event: 11.703 GC heap after
{Heap after GC invocations=14 (full 1):
 PSYoungGen      total 24576K, used 528K [0x00000000d5580000, 0x00000000d7280000, 0x0000000100000000)
  eden space 22016K, 0% used [0x00000000d5580000,0x00000000d5580000,0x00000000d6b00000)
  from space 2560K, 20% used [0x00000000d6d80000,0x00000000d6e04010,0x00000000d7000000)
  to   space 1536K, 0% used [0x00000000d7100000,0x00000000d7100000,0x00000000d7280000)
 ParOldGen       total 68608K, used 19635K [0x0000000080000000, 0x0000000084300000, 0x00000000d5580000)
  object space 68608K, 28% used [0x0000000080000000,0x000000008132cca0,0x0000000084300000)
 Metaspace       used 34697K, committed 35840K, reserved 1114112K
  class space    used 3582K, committed 4096K, reserved 1048576K
}
Event: 11.703 GC heap before
{Heap before GC invocations=15 (full 2):
 PSYoungGen      total 24576K, used 528K [0x00000000d5580000, 0x00000000d7280000, 0x0000000100000000)
  eden space 22016K, 0% used [0x00000000d5580000,0x00000000d5580000,0x00000000d6b00000)
  from space 2560K, 20% used [0x00000000d6d80000,0x00000000d6e04010,0x00000000d7000000)
  to   space 1536K, 0% used [0x00000000d7100000,0x00000000d7100000,0x00000000d7280000)
 ParOldGen       total 68608K, used 19635K [0x0000000080000000, 0x0000000084300000, 0x00000000d5580000)
  object space 68608K, 28% used [0x0000000080000000,0x000000008132cca0,0x0000000084300000)
 Metaspace       used 34697K, committed 35840K, reserved 1114112K
  class space    used 3582K, committed 4096K, reserved 1048576K
}
Event: 11.738 GC heap after
{Heap after GC invocations=15 (full 2):
 PSYoungGen      total 24576K, used 0K [0x00000000d5580000, 0x00000000d7280000, 0x0000000100000000)
  eden space 22016K, 0% used [0x00000000d5580000,0x00000000d5580000,0x00000000d6b00000)
  from space 2560K, 0% used [0x00000000d6d80000,0x00000000d6d80000,0x00000000d7000000)
  to   space 1536K, 0% used [0x00000000d7100000,0x00000000d7100000,0x00000000d7280000)
 ParOldGen       total 68608K, used 19001K [0x0000000080000000, 0x0000000084300000, 0x00000000d5580000)
  object space 68608K, 27% used [0x0000000080000000,0x000000008128e7a8,0x0000000084300000)
 Metaspace       used 34679K, committed 35840K, reserved 1114112K
  class space    used 3577K, committed 4096K, reserved 1048576K
}
Event: 12.090 GC heap before
{Heap before GC invocations=16 (full 2):
 PSYoungGen      total 24576K, used 22016K [0x00000000d5580000, 0x00000000d7280000, 0x0000000100000000)
  eden space 22016K, 100% used [0x00000000d5580000,0x00000000d6b00000,0x00000000d6b00000)
  from space 2560K, 0% used [0x00000000d6d80000,0x00000000d6d80000,0x00000000d7000000)
  to   space 1536K, 0% used [0x00000000d7100000,0x00000000d7100000,0x00000000d7280000)
 ParOldGen       total 68608K, used 19001K [0x0000000080000000, 0x0000000084300000, 0x00000000d5580000)
  object space 68608K, 27% used [0x0000000080000000,0x000000008128e7a8,0x0000000084300000)
 Metaspace       used 36440K, committed 37632K, reserved 1114112K
  class space    used 3838K, committed 4352K, reserved 1048576K
}
Event: 12.092 GC heap after
{Heap after GC invocations=16 (full 2):
 PSYoungGen      total 23552K, used 1533K [0x00000000d5580000, 0x00000000d7280000, 0x0000000100000000)
  eden space 22016K, 0% used [0x00000000d5580000,0x00000000d5580000,0x00000000d6b00000)
  from space 1536K, 99% used [0x00000000d7100000,0x00000000d727f6b0,0x00000000d7280000)
  to   space 3072K, 0% used [0x00000000d6c80000,0x00000000d6c80000,0x00000000d6f80000)
 ParOldGen       total 68608K, used 19873K [0x0000000080000000, 0x0000000084300000, 0x00000000d5580000)
  object space 68608K, 28% used [0x0000000080000000,0x00000000813687a8,0x0000000084300000)
 Metaspace       used 36440K, committed 37632K, reserved 1114112K
  class space    used 3838K, committed 4352K, reserved 1048576K
}
Event: 12.340 GC heap before
{Heap before GC invocations=17 (full 2):
 PSYoungGen      total 23552K, used 23549K [0x00000000d5580000, 0x00000000d7280000, 0x0000000100000000)
  eden space 22016K, 100% used [0x00000000d5580000,0x00000000d6b00000,0x00000000d6b00000)
  from space 1536K, 99% used [0x00000000d7100000,0x00000000d727f6b0,0x00000000d7280000)
  to   space 3072K, 0% used [0x00000000d6c80000,0x00000000d6c80000,0x00000000d6f80000)
 ParOldGen       total 68608K, used 19873K [0x0000000080000000, 0x0000000084300000, 0x00000000d5580000)
  object space 68608K, 28% used [0x0000000080000000,0x00000000813687a8,0x0000000084300000)
 Metaspace       used 37641K, committed 38784K, reserved 1114112K
  class space    used 3968K, committed 4480K, reserved 1048576K
}
Event: 12.342 GC heap after
{Heap after GC invocations=17 (full 2):
 PSYoungGen      total 25088K, used 640K [0x00000000d5580000, 0x00000000d7180000, 0x0000000100000000)
  eden space 22016K, 0% used [0x00000000d5580000,0x00000000d5580000,0x00000000d6b00000)
  from space 3072K, 20% used [0x00000000d6c80000,0x00000000d6d20000,0x00000000d6f80000)
  to   space 1536K, 0% used [0x00000000d7000000,0x00000000d7000000,0x00000000d7180000)
 ParOldGen       total 68608K, used 21225K [0x0000000080000000, 0x0000000084300000, 0x00000000d5580000)
  object space 68608K, 30% used [0x0000000080000000,0x00000000814ba7a8,0x0000000084300000)
 Metaspace       used 37641K, committed 38784K, reserved 1114112K
  class space    used 3968K, committed 4480K, reserved 1048576K
}
Event: 12.758 GC heap before
{Heap before GC invocations=18 (full 2):
 PSYoungGen      total 25088K, used 22656K [0x00000000d5580000, 0x00000000d7180000, 0x0000000100000000)
  eden space 22016K, 100% used [0x00000000d5580000,0x00000000d6b00000,0x00000000d6b00000)
  from space 3072K, 20% used [0x00000000d6c80000,0x00000000d6d20000,0x00000000d6f80000)
  to   space 1536K, 0% used [0x00000000d7000000,0x00000000d7000000,0x00000000d7180000)
 ParOldGen       total 68608K, used 21225K [0x0000000080000000, 0x0000000084300000, 0x00000000d5580000)
  object space 68608K, 30% used [0x0000000080000000,0x00000000814ba7a8,0x0000000084300000)
 Metaspace       used 39682K, committed 40832K, reserved 1114112K
  class space    used 4214K, committed 4736K, reserved 1048576K
}
Event: 12.759 GC heap after
{Heap after GC invocations=18 (full 2):
 PSYoungGen      total 23040K, used 1024K [0x00000000d5580000, 0x00000000d7100000, 0x0000000100000000)
  eden space 22016K, 0% used [0x00000000d5580000,0x00000000d5580000,0x00000000d6b00000)
  from space 1024K, 100% used [0x00000000d7000000,0x00000000d7100000,0x00000000d7100000)
  to   space 1536K, 0% used [0x00000000d6e00000,0x00000000d6e00000,0x00000000d6f80000)
 ParOldGen       total 68608K, used 21569K [0x0000000080000000, 0x0000000084300000, 0x00000000d5580000)
  object space 68608K, 31% used [0x0000000080000000,0x00000000815107b8,0x0000000084300000)
 Metaspace       used 39682K, committed 40832K, reserved 1114112K
  class space    used 4214K, committed 4736K, reserved 1048576K
}
Event: 13.063 GC heap before
{Heap before GC invocations=19 (full 2):
 PSYoungGen      total 23040K, used 23040K [0x00000000d5580000, 0x00000000d7100000, 0x0000000100000000)
  eden space 22016K, 100% used [0x00000000d5580000,0x00000000d6b00000,0x00000000d6b00000)
  from space 1024K, 100% used [0x00000000d7000000,0x00000000d7100000,0x00000000d7100000)
  to   space 1536K, 0% used [0x00000000d6e00000,0x00000000d6e00000,0x00000000d6f80000)
 ParOldGen       total 68608K, used 21569K [0x0000000080000000, 0x0000000084300000, 0x00000000d5580000)
  object space 68608K, 31% used [0x0000000080000000,0x00000000815107b8,0x0000000084300000)
 Metaspace       used 42083K, committed 43264K, reserved 1114112K
  class space    used 4528K, committed 5056K, reserved 1048576K
}
Event: 13.064 GC heap after
{Heap after GC invocations=19 (full 2):
 PSYoungGen      total 23552K, used 1280K [0x00000000d5580000, 0x00000000d7080000, 0x0000000100000000)
  eden space 22016K, 0% used [0x00000000d5580000,0x00000000d5580000,0x00000000d6b00000)
  from space 1536K, 83% used [0x00000000d6e00000,0x00000000d6f40000,0x00000000d6f80000)
  to   space 1024K, 0% used [0x00000000d6f80000,0x00000000d6f80000,0x00000000d7080000)
 ParOldGen       total 68608K, used 22409K [0x0000000080000000, 0x0000000084300000, 0x00000000d5580000)
  object space 68608K, 32% used [0x0000000080000000,0x00000000815e27b8,0x0000000084300000)
 Metaspace       used 42083K, committed 43264K, reserved 1114112K
  class space    used 4528K, committed 5056K, reserved 1048576K
}
Event: 13.408 GC heap before
{Heap before GC invocations=20 (full 2):
 PSYoungGen      total 23552K, used 23295K [0x00000000d5580000, 0x00000000d7080000, 0x0000000100000000)
  eden space 22016K, 99% used [0x00000000d5580000,0x00000000d6afffc8,0x00000000d6b00000)
  from space 1536K, 83% used [0x00000000d6e00000,0x00000000d6f40000,0x00000000d6f80000)
  to   space 1024K, 0% used [0x00000000d6f80000,0x00000000d6f80000,0x00000000d7080000)
 ParOldGen       total 68608K, used 22409K [0x0000000080000000, 0x0000000084300000, 0x00000000d5580000)
  object space 68608K, 32% used [0x0000000080000000,0x00000000815e27b8,0x0000000084300000)
 Metaspace       used 44467K, committed 45632K, reserved 1114112K
  class space    used 4855K, committed 5376K, reserved 1048576K
}
Event: 13.409 GC heap after
{Heap after GC invocations=20 (full 2):
 PSYoungGen      total 23040K, used 1024K [0x00000000d5580000, 0x00000000d7100000, 0x0000000100000000)
  eden space 22016K, 0% used [0x00000000d5580000,0x00000000d5580000,0x00000000d6b00000)
  from space 1024K, 100% used [0x00000000d6f80000,0x00000000d7080000,0x00000000d7080000)
  to   space 3072K, 0% used [0x00000000d6b00000,0x00000000d6b00000,0x00000000d6e00000)
 ParOldGen       total 68608K, used 23841K [0x0000000080000000, 0x0000000084300000, 0x00000000d5580000)
  object space 68608K, 34% used [0x0000000080000000,0x00000000817487d8,0x0000000084300000)
 Metaspace       used 44467K, committed 45632K, reserved 1114112K
  class space    used 4855K, committed 5376K, reserved 1048576K
}
Event: 13.667 GC heap before
{Heap before GC invocations=21 (full 2):
 PSYoungGen      total 23040K, used 23040K [0x00000000d5580000, 0x00000000d7100000, 0x0000000100000000)
  eden space 22016K, 100% used [0x00000000d5580000,0x00000000d6b00000,0x00000000d6b00000)
  from space 1024K, 100% used [0x00000000d6f80000,0x00000000d7080000,0x00000000d7080000)
  to   space 3072K, 0% used [0x00000000d6b00000,0x00000000d6b00000,0x00000000d6e00000)
 ParOldGen       total 68608K, used 23841K [0x0000000080000000, 0x0000000084300000, 0x00000000d5580000)
  object space 68608K, 34% used [0x0000000080000000,0x00000000817487d8,0x0000000084300000)
 Metaspace       used 46675K, committed 47872K, reserved 1114112K
  class space    used 5095K, committed 5632K, reserved 1048576K
}
Event: 13.669 GC heap after
{Heap after GC invocations=21 (full 2):
 PSYoungGen      total 25088K, used 1251K [0x00000000d5580000, 0x00000000d7000000, 0x0000000100000000)
  eden space 22016K, 0% used [0x00000000d5580000,0x00000000d5580000,0x00000000d6b00000)
  from space 3072K, 40% used [0x00000000d6b00000,0x00000000d6c38f98,0x00000000d6e00000)
  to   space 2048K, 0% used [0x00000000d6e00000,0x00000000d6e00000,0x00000000d7000000)
 ParOldGen       total 68608K, used 24766K [0x0000000080000000, 0x0000000084300000, 0x00000000d5580000)
  object space 68608K, 36% used [0x0000000080000000,0x000000008182f9e8,0x0000000084300000)
 Metaspace       used 46675K, committed 47872K, reserved 1114112K
  class space    used 5095K, committed 5632K, reserved 1048576K
}
Event: 13.955 GC heap before
{Heap before GC invocations=22 (full 2):
 PSYoungGen      total 25088K, used 22850K [0x00000000d5580000, 0x00000000d7000000, 0x0000000100000000)
  eden space 22016K, 98% used [0x00000000d5580000,0x00000000d6a97a88,0x00000000d6b00000)
  from space 3072K, 40% used [0x00000000d6b00000,0x00000000d6c38f98,0x00000000d6e00000)
  to   space 2048K, 0% used [0x00000000d6e00000,0x00000000d6e00000,0x00000000d7000000)
 ParOldGen       total 68608K, used 24766K [0x0000000080000000, 0x0000000084300000, 0x00000000d5580000)
  object space 68608K, 36% used [0x0000000080000000,0x000000008182f9e8,0x0000000084300000)
 Metaspace       used 48781K, committed 50048K, reserved 1114112K
  class space    used 5431K, committed 5952K, reserved 1048576K
}
Event: 13.956 GC heap after
{Heap after GC invocations=22 (full 2):
 PSYoungGen      total 22528K, used 2043K [0x00000000d5580000, 0x00000000d7400000, 0x0000000100000000)
  eden space 20480K, 0% used [0x00000000d5580000,0x00000000d5580000,0x00000000d6980000)
  from space 2048K, 99% used [0x00000000d6e00000,0x00000000d6ffefc0,0x00000000d7000000)
  to   space 4608K, 0% used [0x00000000d6980000,0x00000000d6980000,0x00000000d6e00000)
 ParOldGen       total 68608K, used 26717K [0x0000000080000000, 0x0000000084300000, 0x00000000d5580000)
  object space 68608K, 38% used [0x0000000080000000,0x0000000081a17780,0x0000000084300000)
 Metaspace       used 48781K, committed 50048K, reserved 1114112K
  class space    used 5431K, committed 5952K, reserved 1048576K
}
Event: 14.135 GC heap before
{Heap before GC invocations=23 (full 2):
 PSYoungGen      total 22528K, used 22523K [0x00000000d5580000, 0x00000000d7400000, 0x0000000100000000)
  eden space 20480K, 100% used [0x00000000d5580000,0x00000000d6980000,0x00000000d6980000)
  from space 2048K, 99% used [0x00000000d6e00000,0x00000000d6ffefc0,0x00000000d7000000)
  to   space 4608K, 0% used [0x00000000d6980000,0x00000000d6980000,0x00000000d6e00000)
 ParOldGen       total 68608K, used 26717K [0x0000000080000000, 0x0000000084300000, 0x00000000d5580000)
  object space 68608K, 38% used [0x0000000080000000,0x0000000081a17780,0x0000000084300000)
 Metaspace       used 50133K, committed 51328K, reserved 1114112K
  class space    used 5666K, committed 6144K, reserved 1048576K
}
Event: 14.137 GC heap after
{Heap after GC invocations=23 (full 2):
 PSYoungGen      total 25088K, used 4604K [0x00000000d5580000, 0x00000000d7b80000, 0x0000000100000000)
  eden space 20480K, 0% used [0x00000000d5580000,0x00000000d5580000,0x00000000d6980000)
  from space 4608K, 99% used [0x00000000d6980000,0x00000000d6dff248,0x00000000d6e00000)
  to   space 9216K, 0% used [0x00000000d7280000,0x00000000d7280000,0x00000000d7b80000)
 ParOldGen       total 68608K, used 30057K [0x0000000080000000, 0x0000000084300000, 0x00000000d5580000)
  object space 68608K, 43% used [0x0000000080000000,0x0000000081d5a660,0x0000000084300000)
 Metaspace       used 50133K, committed 51328K, reserved 1114112K
  class space    used 5666K, committed 6144K, reserved 1048576K
}

