# JRE version: OpenJDK Runtime Environment Temurin-21.0.11+10 (21.0.11+10) (build 21.0.11+10-LTS)
# Java VM: OpenJDK 64-Bit Server VM Temurin-21.0.11+10 (21.0.11+10-LTS, mixed mode, sharing, tiered, compressed oops, compressed class ptrs, parallel gc, windows-amd64)
GC Precious Log:
 CardTable entry size: 512
 CPUs: 16 total, 16 available
 Memory: 32557M
 Large Page Support: Disabled
 NUMA Support: Disabled
 Compressed Oops: Enabled (32-bit)
 Alignments: Space 512K, Generation 512K, Heap 2M
 Heap Min Capacity: 100M
 Heap Initial Capacity: 100M
 Heap Max Capacity: 2G
 Pre-touch: Disabled
 Parallel Workers: 13
Heap:
 PSYoungGen      total 13312K, used 3006K [0x00000000d5580000, 0x00000000d6480000, 0x0000000100000000)
  eden space 12800K, 19% used [0x00000000d5580000,0x00000000d57f7910,0x00000000d6200000)
  from space 512K, 93% used [0x00000000d6200000,0x00000000d6278000,0x00000000d6280000)
  to   space 1024K, 0% used [0x00000000d6380000,0x00000000d6380000,0x00000000d6480000)
 ParOldGen       total 68608K, used 57866K [0x0000000080000000, 0x0000000084300000, 0x00000000d5580000)
  object space 68608K, 84% used [0x0000000080000000,0x0000000083882ab0,0x0000000084300000)
 Metaspace       used 69852K, committed 71424K, reserved 1114112K
  class space    used 8084K, committed 8768K, reserved 1048576K
GC Heap History (20 events):
Event: 14.686 GC heap after
{Heap after GC invocations=48 (full 3):
 PSYoungGen      total 13824K, used 1020K [0x00000000d5580000, 0x00000000d6500000, 0x0000000100000000)
  eden space 12800K, 0% used [0x00000000d5580000,0x00000000d5580000,0x00000000d6200000)
  from space 1024K, 99% used [0x00000000d6200000,0x00000000d62ff228,0x00000000d6300000)
  to   space 1536K, 0% used [0x00000000d6380000,0x00000000d6380000,0x00000000d6500000)
 ParOldGen       total 68608K, used 53208K [0x0000000080000000, 0x0000000084300000, 0x00000000d5580000)
  object space 68608K, 77% used [0x0000000080000000,0x00000000833f6370,0x0000000084300000)
 Metaspace       used 61911K, committed 63296K, reserved 1114112K
  class space    used 7238K, committed 7808K, reserved 1048576K
}
Event: 14.724 GC heap before
{Heap before GC invocations=49 (full 3):
 PSYoungGen      total 13824K, used 13820K [0x00000000d5580000, 0x00000000d6500000, 0x0000000100000000)
  eden space 12800K, 100% used [0x00000000d5580000,0x00000000d6200000,0x00000000d6200000)
  from space 1024K, 99% used [0x00000000d6200000,0x00000000d62ff228,0x00000000d6300000)
  to   space 1536K, 0% used [0x00000000d6380000,0x00000000d6380000,0x00000000d6500000)
 ParOldGen       total 68608K, used 53208K [0x0000000080000000, 0x0000000084300000, 0x00000000d5580000)
  object space 68608K, 77% used [0x0000000080000000,0x00000000833f6370,0x0000000084300000)
 Metaspace       used 61923K, committed 63296K, reserved 1114112K
  class space    used 7238K, committed 7808K, reserved 1048576K
}
Event: 14.725 GC heap after
{Heap after GC invocations=49 (full 3):
 PSYoungGen      total 14336K, used 1387K [0x00000000d5580000, 0x00000000d6500000, 0x0000000100000000)
  eden space 12800K, 0% used [0x00000000d5580000,0x00000000d5580000,0x00000000d6200000)
  from space 1536K, 90% used [0x00000000d6380000,0x00000000d64dac40,0x00000000d6500000)
  to   space 1536K, 0% used [0x00000000d6200000,0x00000000d6200000,0x00000000d6380000)
 ParOldGen       total 68608K, used 53909K [0x0000000080000000, 0x0000000084300000, 0x00000000d5580000)
  object space 68608K, 78% used [0x0000000080000000,0x00000000834a54e8,0x0000000084300000)
 Metaspace       used 61923K, committed 63296K, reserved 1114112K
  class space    used 7238K, committed 7808K, reserved 1048576K
}
Event: 14.759 GC heap before
{Heap before GC invocations=50 (full 3):
 PSYoungGen      total 14336K, used 14187K [0x00000000d5580000, 0x00000000d6500000, 0x0000000100000000)
  eden space 12800K, 100% used [0x00000000d5580000,0x00000000d6200000,0x00000000d6200000)
  from space 1536K, 90% used [0x00000000d6380000,0x00000000d64dac40,0x00000000d6500000)
  to   space 1536K, 0% used [0x00000000d6200000,0x00000000d6200000,0x00000000d6380000)
 ParOldGen       total 68608K, used 53909K [0x0000000080000000, 0x0000000084300000, 0x00000000d5580000)
  object space 68608K, 78% used [0x0000000080000000,0x00000000834a54e8,0x0000000084300000)
 Metaspace       used 62127K, committed 63616K, reserved 1114112K
  class space    used 7244K, committed 7872K, reserved 1048576K
}
Event: 14.760 GC heap after
{Heap after GC invocations=50 (full 3):
 PSYoungGen      total 13312K, used 416K [0x00000000d5580000, 0x00000000d6400000, 0x0000000100000000)
  eden space 12800K, 0% used [0x00000000d5580000,0x00000000d5580000,0x00000000d6200000)
  from space 512K, 81% used [0x00000000d6200000,0x00000000d6268000,0x00000000d6280000)
  to   space 1024K, 0% used [0x00000000d6300000,0x00000000d6300000,0x00000000d6400000)
 ParOldGen       total 68608K, used 53933K [0x0000000080000000, 0x0000000084300000, 0x00000000d5580000)
  object space 68608K, 78% used [0x0000000080000000,0x00000000834ab4e8,0x0000000084300000)
 Metaspace       used 62127K, committed 63616K, reserved 1114112K
  class space    used 7244K, committed 7872K, reserved 1048576K
}
Event: 14.945 GC heap before
{Heap before GC invocations=51 (full 3):
 PSYoungGen      total 13312K, used 13216K [0x00000000d5580000, 0x00000000d6400000, 0x0000000100000000)
  eden space 12800K, 100% used [0x00000000d5580000,0x00000000d6200000,0x00000000d6200000)
  from space 512K, 81% used [0x00000000d6200000,0x00000000d6268000,0x00000000d6280000)
  to   space 1024K, 0% used [0x00000000d6300000,0x00000000d6300000,0x00000000d6400000)
 ParOldGen       total 68608K, used 53933K [0x0000000080000000, 0x0000000084300000, 0x00000000d5580000)
  object space 68608K, 78% used [0x0000000080000000,0x00000000834ab4e8,0x0000000084300000)
 Metaspace       used 63416K, committed 64832K, reserved 1114112K
  class space    used 7363K, committed 7936K, reserved 1048576K
}
Event: 14.946 GC heap after
{Heap after GC invocations=51 (full 3):
 PSYoungGen      total 13824K, used 512K [0x00000000d5580000, 0x00000000d6400000, 0x0000000100000000)
  eden space 12800K, 0% used [0x00000000d5580000,0x00000000d5580000,0x00000000d6200000)
  from space 1024K, 50% used [0x00000000d6300000,0x00000000d6380000,0x00000000d6400000)
  to   space 1024K, 0% used [0x00000000d6200000,0x00000000d6200000,0x00000000d6300000)
 ParOldGen       total 68608K, used 53957K [0x0000000080000000, 0x0000000084300000, 0x00000000d5580000)
  object space 68608K, 78% used [0x0000000080000000,0x00000000834b14e8,0x0000000084300000)
 Metaspace       used 63416K, committed 64832K, reserved 1114112K
  class space    used 7363K, committed 7936K, reserved 1048576K
}
Event: 15.109 GC heap before
{Heap before GC invocations=52 (full 3):
 PSYoungGen      total 13824K, used 13312K [0x00000000d5580000, 0x00000000d6400000, 0x0000000100000000)
  eden space 12800K, 100% used [0x00000000d5580000,0x00000000d6200000,0x00000000d6200000)
  from space 1024K, 50% used [0x00000000d6300000,0x00000000d6380000,0x00000000d6400000)
  to   space 1024K, 0% used [0x00000000d6200000,0x00000000d6200000,0x00000000d6300000)
 ParOldGen       total 68608K, used 53957K [0x0000000080000000, 0x0000000084300000, 0x00000000d5580000)
  object space 68608K, 78% used [0x0000000080000000,0x00000000834b14e8,0x0000000084300000)
 Metaspace       used 63769K, committed 65152K, reserved 1114112K
  class space    used 7394K, committed 8000K, reserved 1048576K
}
Event: 15.109 GC heap after
{Heap after GC invocations=52 (full 3):
 PSYoungGen      total 13824K, used 629K [0x00000000d5580000, 0x00000000d6400000, 0x0000000100000000)
  eden space 12800K, 0% used [0x00000000d5580000,0x00000000d5580000,0x00000000d6200000)
  from space 1024K, 61% used [0x00000000d6200000,0x00000000d629d4b0,0x00000000d6300000)
  to   space 1024K, 0% used [0x00000000d6300000,0x00000000d6300000,0x00000000d6400000)
 ParOldGen       total 68608K, used 54284K [0x0000000080000000, 0x0000000084300000, 0x00000000d5580000)
  object space 68608K, 79% used [0x0000000080000000,0x00000000835030c0,0x0000000084300000)
 Metaspace       used 63769K, committed 65152K, reserved 1114112K
  class space    used 7394K, committed 8000K, reserved 1048576K
}
Event: 15.241 GC heap before
{Heap before GC invocations=53 (full 3):
 PSYoungGen      total 13824K, used 13429K [0x00000000d5580000, 0x00000000d6400000, 0x0000000100000000)
  eden space 12800K, 100% used [0x00000000d5580000,0x00000000d6200000,0x00000000d6200000)
  from space 1024K, 61% used [0x00000000d6200000,0x00000000d629d4b0,0x00000000d6300000)
  to   space 1024K, 0% used [0x00000000d6300000,0x00000000d6300000,0x00000000d6400000)
 ParOldGen       total 68608K, used 54284K [0x0000000080000000, 0x0000000084300000, 0x00000000d5580000)
  object space 68608K, 79% used [0x0000000080000000,0x00000000835030c0,0x0000000084300000)
 Metaspace       used 64341K, committed 65728K, reserved 1114112K
  class space    used 7450K, committed 8000K, reserved 1048576K
}
Event: 15.242 GC heap after
{Heap after GC invocations=53 (full 3):
 PSYoungGen      total 13824K, used 896K [0x00000000d5580000, 0x00000000d6400000, 0x0000000100000000)
  eden space 12800K, 0% used [0x00000000d5580000,0x00000000d5580000,0x00000000d6200000)
  from space 1024K, 87% used [0x00000000d6300000,0x00000000d63e0040,0x00000000d6400000)
  to   space 1024K, 0% used [0x00000000d6200000,0x00000000d6200000,0x00000000d6300000)
 ParOldGen       total 68608K, used 54564K [0x0000000080000000, 0x0000000084300000, 0x00000000d5580000)
  object space 68608K, 79% used [0x0000000080000000,0x00000000835492b8,0x0000000084300000)
 Metaspace       used 64341K, committed 65728K, reserved 1114112K
  class space    used 7450K, committed 8000K, reserved 1048576K
}
Event: 15.421 GC heap before
{Heap before GC invocations=54 (full 3):
 PSYoungGen      total 13824K, used 13696K [0x00000000d5580000, 0x00000000d6400000, 0x0000000100000000)
  eden space 12800K, 100% used [0x00000000d5580000,0x00000000d6200000,0x00000000d6200000)
  from space 1024K, 87% used [0x00000000d6300000,0x00000000d63e0040,0x00000000d6400000)
  to   space 1024K, 0% used [0x00000000d6200000,0x00000000d6200000,0x00000000d6300000)
 ParOldGen       total 68608K, used 54564K [0x0000000080000000, 0x0000000084300000, 0x00000000d5580000)
  object space 68608K, 79% used [0x0000000080000000,0x00000000835492b8,0x0000000084300000)
 Metaspace       used 65755K, committed 67264K, reserved 1114112K
  class space    used 7652K, committed 8320K, reserved 1048576K
}
Event: 15.422 GC heap after
{Heap after GC invocations=54 (full 3):
 PSYoungGen      total 13824K, used 752K [0x00000000d5580000, 0x00000000d6400000, 0x0000000100000000)
  eden space 12800K, 0% used [0x00000000d5580000,0x00000000d5580000,0x00000000d6200000)
  from space 1024K, 73% used [0x00000000d6200000,0x00000000d62bc030,0x00000000d6300000)
  to   space 1024K, 0% used [0x00000000d6300000,0x00000000d6300000,0x00000000d6400000)
 ParOldGen       total 68608K, used 55247K [0x0000000080000000, 0x0000000084300000, 0x00000000d5580000)
  object space 68608K, 80% used [0x0000000080000000,0x00000000835f3e90,0x0000000084300000)
 Metaspace       used 65755K, committed 67264K, reserved 1114112K
  class space    used 7652K, committed 8320K, reserved 1048576K
}
Event: 15.642 GC heap before
{Heap before GC invocations=55 (full 3):
 PSYoungGen      total 13824K, used 13552K [0x00000000d5580000, 0x00000000d6400000, 0x0000000100000000)
  eden space 12800K, 100% used [0x00000000d5580000,0x00000000d6200000,0x00000000d6200000)
  from space 1024K, 73% used [0x00000000d6200000,0x00000000d62bc030,0x00000000d6300000)
  to   space 1024K, 0% used [0x00000000d6300000,0x00000000d6300000,0x00000000d6400000)
 ParOldGen       total 68608K, used 55247K [0x0000000080000000, 0x0000000084300000, 0x00000000d5580000)
  object space 68608K, 80% used [0x0000000080000000,0x00000000835f3e90,0x0000000084300000)
 Metaspace       used 67259K, committed 68736K, reserved 1114112K
  class space    used 7868K, committed 8512K, reserved 1048576K
}
Event: 15.643 GC heap after
{Heap after GC invocations=55 (full 3):
 PSYoungGen      total 13824K, used 880K [0x00000000d5580000, 0x00000000d6400000, 0x0000000100000000)
  eden space 12800K, 0% used [0x00000000d5580000,0x00000000d5580000,0x00000000d6200000)
  from space 1024K, 85% used [0x00000000d6300000,0x00000000d63dc040,0x00000000d6400000)
  to   space 1024K, 0% used [0x00000000d6200000,0x00000000d6200000,0x00000000d6300000)
 ParOldGen       total 68608K, used 55766K [0x0000000080000000, 0x0000000084300000, 0x00000000d5580000)
  object space 68608K, 81% used [0x0000000080000000,0x0000000083675920,0x0000000084300000)
 Metaspace       used 67259K, committed 68736K, reserved 1114112K
  class space    used 7868K, committed 8512K, reserved 1048576K
}
Event: 16.553 GC heap before
{Heap before GC invocations=56 (full 3):
 PSYoungGen      total 13824K, used 13680K [0x00000000d5580000, 0x00000000d6400000, 0x0000000100000000)
  eden space 12800K, 100% used [0x00000000d5580000,0x00000000d6200000,0x00000000d6200000)
  from space 1024K, 85% used [0x00000000d6300000,0x00000000d63dc040,0x00000000d6400000)
  to   space 1024K, 0% used [0x00000000d6200000,0x00000000d6200000,0x00000000d6300000)
 ParOldGen       total 68608K, used 55766K [0x0000000080000000, 0x0000000084300000, 0x00000000d5580000)
  object space 68608K, 81% used [0x0000000080000000,0x0000000083675920,0x0000000084300000)
 Metaspace       used 68719K, committed 70272K, reserved 1114112K
  class space    used 8032K, committed 8704K, reserved 1048576K
}
Event: 16.555 GC heap after
{Heap after GC invocations=56 (full 3):
 PSYoungGen      total 13824K, used 1002K [0x00000000d5580000, 0x00000000d6600000, 0x0000000100000000)
  eden space 12800K, 0% used [0x00000000d5580000,0x00000000d5580000,0x00000000d6200000)
  from space 1024K, 97% used [0x00000000d6200000,0x00000000d62fa838,0x00000000d6300000)
  to   space 2048K, 0% used [0x00000000d6400000,0x00000000d6400000,0x00000000d6600000)
 ParOldGen       total 68608K, used 56534K [0x0000000080000000, 0x0000000084300000, 0x00000000d5580000)
  object space 68608K, 82% used [0x0000000080000000,0x00000000837359a0,0x0000000084300000)
 Metaspace       used 68719K, committed 70272K, reserved 1114112K
  class space    used 8032K, committed 8704K, reserved 1048576K
}
Event: 16.864 GC heap before
{Heap before GC invocations=57 (full 3):
 PSYoungGen      total 13824K, used 13802K [0x00000000d5580000, 0x00000000d6600000, 0x0000000100000000)
  eden space 12800K, 100% used [0x00000000d5580000,0x00000000d6200000,0x00000000d6200000)
  from space 1024K, 97% used [0x00000000d6200000,0x00000000d62fa838,0x00000000d6300000)
  to   space 2048K, 0% used [0x00000000d6400000,0x00000000d6400000,0x00000000d6600000)
 ParOldGen       total 68608K, used 56534K [0x0000000080000000, 0x0000000084300000, 0x00000000d5580000)
  object space 68608K, 82% used [0x0000000080000000,0x00000000837359a0,0x0000000084300000)
 Metaspace       used 69457K, committed 70976K, reserved 1114112K
  class space    used 8072K, committed 8704K, reserved 1048576K
}
Event: 16.866 GC heap after
{Heap after GC invocations=57 (full 3):
 PSYoungGen      total 14848K, used 1641K [0x00000000d5580000, 0x00000000d6600000, 0x0000000100000000)
  eden space 12800K, 0% used [0x00000000d5580000,0x00000000d5580000,0x00000000d6200000)
  from space 2048K, 80% used [0x00000000d6400000,0x00000000d659a460,0x00000000d6600000)
  to   space 2048K, 0% used [0x00000000d6200000,0x00000000d6200000,0x00000000d6400000)
 ParOldGen       total 68608K, used 57103K [0x0000000080000000, 0x0000000084300000, 0x00000000d5580000)
  object space 68608K, 83% used [0x0000000080000000,0x00000000837c3cb8,0x0000000084300000)
 Metaspace       used 69457K, committed 70976K, reserved 1114112K
  class space    used 8072K, committed 8704K, reserved 1048576K
}
Event: 18.039 GC heap before
{Heap before GC invocations=58 (full 3):
 PSYoungGen      total 14848K, used 14441K [0x00000000d5580000, 0x00000000d6600000, 0x0000000100000000)
  eden space 12800K, 100% used [0x00000000d5580000,0x00000000d6200000,0x00000000d6200000)
  from space 2048K, 80% used [0x00000000d6400000,0x00000000d659a460,0x00000000d6600000)
  to   space 2048K, 0% used [0x00000000d6200000,0x00000000d6200000,0x00000000d6400000)
 ParOldGen       total 68608K, used 57103K [0x0000000080000000, 0x0000000084300000, 0x00000000d5580000)
  object space 68608K, 83% used [0x0000000080000000,0x00000000837c3cb8,0x0000000084300000)
 Metaspace       used 69828K, committed 71424K, reserved 1114112K
  class space    used 8081K, committed 8768K, reserved 1048576K
}

