# JRE version: OpenJDK Runtime Environment Temurin-21.0.10+7 (21.0.10+7) (build 21.0.10+7-LTS)
# Java VM: OpenJDK 64-Bit Server VM Temurin-21.0.10+7 (21.0.10+7-LTS, mixed mode, sharing, tiered, compressed oops, compressed class ptrs, g1 gc, windows-amd64)
GC Precious Log:
 CardTable entry size: 512
 Card Set container configuration: InlinePtr #cards 5 size 8 Array Of Cards #cards 12 size 40 Howl #buckets 4 coarsen threshold 1843 Howl Bitmap #cards 512 size 80 coarsen threshold 460 Card regions per heap region 1 cards per card region 2048
 CPUs: 16 total, 16 available
 Memory: 32557M
 Large Page Support: Disabled
 NUMA Support: Disabled
 Compressed Oops: Enabled (32-bit)
 Heap Region Size: 1M
 Heap Min Capacity: 8M
 Heap Initial Capacity: 510M
 Heap Max Capacity: 2G
 Pre-touch: Disabled
 Parallel Workers: 13
 Concurrent Workers: 3
 Concurrent Refinement Workers: 13
 Periodic GC: Disabled
Heap:
 garbage-first heap   total 261120K, used 187125K [0x0000000080000000, 0x0000000100000000)
  region size 1024K, 38 young (38912K), 7 survivors (7168K)
 Metaspace       used 132384K, committed 134464K, reserved 1179648K
  class space    used 17463K, committed 18496K, reserved 1048576K
GC Heap History (20 events):
Event: 12.081 GC heap before
{Heap before GC invocations=29 (full 0):
 garbage-first heap   total 191488K, used 163236K [0x0000000080000000, 0x0000000100000000)
  region size 1024K, 54 young (55296K), 6 survivors (6144K)
 Metaspace       used 105934K, committed 107776K, reserved 1179648K
  class space    used 14093K, committed 14976K, reserved 1048576K
}
Event: 12.085 GC heap after
{Heap after GC invocations=30 (full 0):
 garbage-first heap   total 191488K, used 124213K [0x0000000080000000, 0x0000000100000000)
  region size 1024K, 7 young (7168K), 7 survivors (7168K)
 Metaspace       used 105934K, committed 107776K, reserved 1179648K
  class space    used 14093K, committed 14976K, reserved 1048576K
}
Event: 12.478 GC heap before
{Heap before GC invocations=30 (full 0):
 garbage-first heap   total 191488K, used 171317K [0x0000000080000000, 0x0000000100000000)
  region size 1024K, 53 young (54272K), 7 survivors (7168K)
 Metaspace       used 112108K, committed 113920K, reserved 1179648K
  class space    used 14869K, committed 15744K, reserved 1048576K
}
Event: 12.481 GC heap after
{Heap after GC invocations=31 (full 0):
 garbage-first heap   total 191488K, used 126725K [0x0000000080000000, 0x0000000100000000)
  region size 1024K, 3 young (3072K), 3 survivors (3072K)
 Metaspace       used 112108K, committed 113920K, reserved 1179648K
  class space    used 14869K, committed 15744K, reserved 1048576K
}
Event: 12.691 GC heap before
{Heap before GC invocations=31 (full 0):
 garbage-first heap   total 191488K, used 142085K [0x0000000080000000, 0x0000000100000000)
  region size 1024K, 19 young (19456K), 3 survivors (3072K)
 Metaspace       used 114085K, committed 115968K, reserved 1179648K
  class space    used 15111K, committed 16000K, reserved 1048576K
}
Event: 12.694 GC heap after
{Heap after GC invocations=32 (full 0):
 garbage-first heap   total 191488K, used 127135K [0x0000000080000000, 0x0000000100000000)
  region size 1024K, 4 young (4096K), 4 survivors (4096K)
 Metaspace       used 114085K, committed 115968K, reserved 1179648K
  class space    used 15111K, committed 16000K, reserved 1048576K
}
Event: 13.132 GC heap before
{Heap before GC invocations=33 (full 0):
 garbage-first heap   total 215040K, used 184479K [0x0000000080000000, 0x0000000100000000)
  region size 1024K, 52 young (53248K), 4 survivors (4096K)
 Metaspace       used 117509K, committed 119488K, reserved 1179648K
  class space    used 15540K, committed 16448K, reserved 1048576K
}
Event: 13.134 GC heap after
{Heap after GC invocations=34 (full 0):
 garbage-first heap   total 215040K, used 142254K [0x0000000080000000, 0x0000000100000000)
  region size 1024K, 7 young (7168K), 7 survivors (7168K)
 Metaspace       used 117509K, committed 119488K, reserved 1179648K
  class space    used 15540K, committed 16448K, reserved 1048576K
}
Event: 13.652 GC heap before
{Heap before GC invocations=34 (full 0):
 garbage-first heap   total 215040K, used 197550K [0x0000000080000000, 0x0000000100000000)
  region size 1024K, 59 young (60416K), 7 survivors (7168K)
 Metaspace       used 123164K, committed 125312K, reserved 1179648K
  class space    used 16319K, committed 17408K, reserved 1048576K
}
Event: 13.655 GC heap after
{Heap after GC invocations=35 (full 0):
 garbage-first heap   total 215040K, used 146141K [0x0000000080000000, 0x0000000100000000)
  region size 1024K, 3 young (3072K), 3 survivors (3072K)
 Metaspace       used 123164K, committed 125312K, reserved 1179648K
  class space    used 16319K, committed 17408K, reserved 1048576K
}
Event: 14.153 GC heap before
{Heap before GC invocations=35 (full 0):
 garbage-first heap   total 215040K, used 185053K [0x0000000080000000, 0x0000000100000000)
  region size 1024K, 43 young (44032K), 3 survivors (3072K)
 Metaspace       used 126990K, committed 129088K, reserved 1179648K
  class space    used 16836K, committed 17856K, reserved 1048576K
}
Event: 14.155 GC heap after
{Heap after GC invocations=36 (full 0):
 garbage-first heap   total 215040K, used 149109K [0x0000000080000000, 0x0000000100000000)
  region size 1024K, 6 young (6144K), 6 survivors (6144K)
 Metaspace       used 126990K, committed 129088K, reserved 1179648K
  class space    used 16836K, committed 17856K, reserved 1048576K
}
Event: 14.616 GC heap before
{Heap before GC invocations=37 (full 0):
 garbage-first heap   total 215040K, used 177781K [0x0000000080000000, 0x0000000100000000)
  region size 1024K, 55 young (56320K), 6 survivors (6144K)
 Metaspace       used 129692K, committed 131840K, reserved 1179648K
  class space    used 17208K, committed 18240K, reserved 1048576K
}
Event: 14.620 GC heap after
{Heap after GC invocations=38 (full 0):
 garbage-first heap   total 215040K, used 127414K [0x0000000080000000, 0x0000000100000000)
  region size 1024K, 7 young (7168K), 7 survivors (7168K)
 Metaspace       used 129692K, committed 131840K, reserved 1179648K
  class space    used 17208K, committed 18240K, reserved 1048576K
}
Event: 15.198 GC heap before
{Heap before GC invocations=38 (full 0):
 garbage-first heap   total 215040K, used 189878K [0x0000000080000000, 0x0000000100000000)
  region size 1024K, 68 young (69632K), 7 survivors (7168K)
 Metaspace       used 131644K, committed 133760K, reserved 1179648K
  class space    used 17438K, committed 18432K, reserved 1048576K
}
Event: 15.204 GC heap after
{Heap after GC invocations=39 (full 0):
 garbage-first heap   total 215040K, used 123892K [0x0000000080000000, 0x0000000100000000)
  region size 1024K, 9 young (9216K), 9 survivors (9216K)
 Metaspace       used 131644K, committed 133760K, reserved 1179648K
  class space    used 17438K, committed 18432K, reserved 1048576K
}
Event: 15.351 GC heap before
{Heap before GC invocations=39 (full 0):
 garbage-first heap   total 215040K, used 183284K [0x0000000080000000, 0x0000000100000000)
  region size 1024K, 66 young (67584K), 9 survivors (9216K)
 Metaspace       used 131667K, committed 133760K, reserved 1179648K
  class space    used 17438K, committed 18432K, reserved 1048576K
}
Event: 15.361 GC heap after
{Heap after GC invocations=40 (full 0):
 garbage-first heap   total 224256K, used 141312K [0x0000000080000000, 0x0000000100000000)
  region size 1024K, 9 young (9216K), 9 survivors (9216K)
 Metaspace       used 131667K, committed 133760K, reserved 1179648K
  class space    used 17438K, committed 18432K, reserved 1048576K
}
Event: 15.641 GC heap before
{Heap before GC invocations=40 (full 0):
 garbage-first heap   total 224256K, used 187392K [0x0000000080000000, 0x0000000100000000)
  region size 1024K, 54 young (55296K), 9 survivors (9216K)
 Metaspace       used 132297K, committed 134400K, reserved 1179648K
  class space    used 17451K, committed 18496K, reserved 1048576K
}
Event: 15.646 GC heap after
{Heap after GC invocations=41 (full 0):
 garbage-first heap   total 224256K, used 155381K [0x0000000080000000, 0x0000000100000000)
  region size 1024K, 7 young (7168K), 7 survivors (7168K)
 Metaspace       used 132297K, committed 134400K, reserved 1179648K
  class space    used 17451K, committed 18496K, reserved 1048576K
}

