# JRE version: OpenJDK Runtime Environment Temurin-21.0.11+10 (21.0.11+10) (build 21.0.11+10-LTS)
# Java VM: OpenJDK 64-Bit Server VM Temurin-21.0.11+10 (21.0.11+10-LTS, mixed mode, sharing, tiered, compressed oops, compressed class ptrs, parallel gc, windows-amd64)
GC Precious Log:
 CardTable entry size: 512
 CPUs: 16 total, 16 available
 Memory: 32557M
 Large Page Support: Disabled
 NUMA Support: Disabled
 Compressed Oops: Enabled (32-bit)
 Alignments: Space 512K, Generation 512K, Heap 2M
 Heap Min Capacity: 100M
 Heap Initial Capacity: 100M
 Heap Max Capacity: 2G
 Pre-touch: Disabled
 Parallel Workers: 13
Heap:
 PSYoungGen      total 22016K, used 2281K [0x00000000d5580000, 0x00000000d7300000, 0x0000000100000000)
  eden space 19968K, 1% used [0x00000000d5580000,0x00000000d55c1df0,0x00000000d6900000)
  from space 2048K, 99% used [0x00000000d6a00000,0x00000000d6bfb3a0,0x00000000d6c00000)
  to   space 5120K, 0% used [0x00000000d6e00000,0x00000000d6e00000,0x00000000d7300000)
 ParOldGen       total 68608K, used 37582K [0x0000000080000000, 0x0000000084300000, 0x00000000d5580000)
  object space 68608K, 54% used [0x0000000080000000,0x00000000824b3af8,0x0000000084300000)
 Metaspace       used 43331K, committed 44352K, reserved 1114112K
  class space    used 4336K, committed 4800K, reserved 1048576K
GC Heap History (20 events):
Event: 4.473 GC heap before
{Heap before GC invocations=17 (full 1):
 PSYoungGen      total 23552K, used 23264K [0x00000000d5580000, 0x00000000d6f00000, 0x0000000100000000)
  eden space 20992K, 100% used [0x00000000d5580000,0x00000000d6a00000,0x00000000d6a00000)
  from space 2560K, 88% used [0x00000000d6a00000,0x00000000d6c38010,0x00000000d6c80000)
  to   space 2560K, 0% used [0x00000000d6c80000,0x00000000d6c80000,0x00000000d6f00000)
 ParOldGen       total 68608K, used 26276K [0x0000000080000000, 0x0000000084300000, 0x00000000d5580000)
  object space 68608K, 38% used [0x0000000080000000,0x00000000819a92f8,0x0000000084300000)
 Metaspace       used 33209K, committed 34240K, reserved 1114112K
  class space    used 3378K, committed 3840K, reserved 1048576K
}
Event: 4.476 GC heap after
{Heap after GC invocations=17 (full 1):
 PSYoungGen      total 23552K, used 2104K [0x00000000d5580000, 0x00000000d6f00000, 0x0000000100000000)
  eden space 20992K, 0% used [0x00000000d5580000,0x00000000d5580000,0x00000000d6a00000)
  from space 2560K, 82% used [0x00000000d6c80000,0x00000000d6e8e200,0x00000000d6f00000)
  to   space 2560K, 0% used [0x00000000d6a00000,0x00000000d6a00000,0x00000000d6c80000)
 ParOldGen       total 68608K, used 28372K [0x0000000080000000, 0x0000000084300000, 0x00000000d5580000)
  object space 68608K, 41% used [0x0000000080000000,0x0000000081bb5308,0x0000000084300000)
 Metaspace       used 33209K, committed 34240K, reserved 1114112K
  class space    used 3378K, committed 3840K, reserved 1048576K
}
Event: 4.594 GC heap before
{Heap before GC invocations=18 (full 1):
 PSYoungGen      total 23552K, used 23096K [0x00000000d5580000, 0x00000000d6f00000, 0x0000000100000000)
  eden space 20992K, 100% used [0x00000000d5580000,0x00000000d6a00000,0x00000000d6a00000)
  from space 2560K, 82% used [0x00000000d6c80000,0x00000000d6e8e200,0x00000000d6f00000)
  to   space 2560K, 0% used [0x00000000d6a00000,0x00000000d6a00000,0x00000000d6c80000)
 ParOldGen       total 68608K, used 28372K [0x0000000080000000, 0x0000000084300000, 0x00000000d5580000)
  object space 68608K, 41% used [0x0000000080000000,0x0000000081bb5308,0x0000000084300000)
 Metaspace       used 33546K, committed 34560K, reserved 1114112K
  class space    used 3415K, committed 3840K, reserved 1048576K
}
Event: 4.596 GC heap after
{Heap after GC invocations=18 (full 1):
 PSYoungGen      total 23040K, used 1818K [0x00000000d5580000, 0x00000000d6e00000, 0x0000000100000000)
  eden space 20992K, 0% used [0x00000000d5580000,0x00000000d5580000,0x00000000d6a00000)
  from space 2048K, 88% used [0x00000000d6a00000,0x00000000d6bc6ac0,0x00000000d6c00000)
  to   space 2048K, 0% used [0x00000000d6c00000,0x00000000d6c00000,0x00000000d6e00000)
 ParOldGen       total 68608K, used 30309K [0x0000000080000000, 0x0000000084300000, 0x00000000d5580000)
  object space 68608K, 44% used [0x0000000080000000,0x0000000081d99508,0x0000000084300000)
 Metaspace       used 33546K, committed 34560K, reserved 1114112K
  class space    used 3415K, committed 3840K, reserved 1048576K
}
Event: 4.768 GC heap before
{Heap before GC invocations=19 (full 1):
 PSYoungGen      total 23040K, used 12333K [0x00000000d5580000, 0x00000000d6e00000, 0x0000000100000000)
  eden space 20992K, 50% used [0x00000000d5580000,0x00000000d5fc4c20,0x00000000d6a00000)
  from space 2048K, 88% used [0x00000000d6a00000,0x00000000d6bc6ac0,0x00000000d6c00000)
  to   space 2048K, 0% used [0x00000000d6c00000,0x00000000d6c00000,0x00000000d6e00000)
 ParOldGen       total 68608K, used 30309K [0x0000000080000000, 0x0000000084300000, 0x00000000d5580000)
  object space 68608K, 44% used [0x0000000080000000,0x0000000081d99508,0x0000000084300000)
 Metaspace       used 34789K, committed 35840K, reserved 1114112K
  class space    used 3568K, committed 4032K, reserved 1048576K
}
Event: 4.769 GC heap after
{Heap after GC invocations=19 (full 1):
 PSYoungGen      total 22016K, used 952K [0x00000000d5580000, 0x00000000d6d00000, 0x0000000100000000)
  eden space 20992K, 0% used [0x00000000d5580000,0x00000000d5580000,0x00000000d6a00000)
  from space 1024K, 93% used [0x00000000d6c00000,0x00000000d6cee2e8,0x00000000d6d00000)
  to   space 1536K, 0% used [0x00000000d6a00000,0x00000000d6a00000,0x00000000d6b80000)
 ParOldGen       total 68608K, used 31908K [0x0000000080000000, 0x0000000084300000, 0x00000000d5580000)
  object space 68608K, 46% used [0x0000000080000000,0x0000000081f29018,0x0000000084300000)
 Metaspace       used 34789K, committed 35840K, reserved 1114112K
  class space    used 3568K, committed 4032K, reserved 1048576K
}
Event: 4.769 GC heap before
{Heap before GC invocations=20 (full 2):
 PSYoungGen      total 22016K, used 952K [0x00000000d5580000, 0x00000000d6d00000, 0x0000000100000000)
  eden space 20992K, 0% used [0x00000000d5580000,0x00000000d5580000,0x00000000d6a00000)
  from space 1024K, 93% used [0x00000000d6c00000,0x00000000d6cee2e8,0x00000000d6d00000)
  to   space 1536K, 0% used [0x00000000d6a00000,0x00000000d6a00000,0x00000000d6b80000)
 ParOldGen       total 68608K, used 31908K [0x0000000080000000, 0x0000000084300000, 0x00000000d5580000)
  object space 68608K, 46% used [0x0000000080000000,0x0000000081f29018,0x0000000084300000)
 Metaspace       used 34789K, committed 35840K, reserved 1114112K
  class space    used 3568K, committed 4032K, reserved 1048576K
}
Event: 4.802 GC heap after
{Heap after GC invocations=20 (full 2):
 PSYoungGen      total 22016K, used 0K [0x00000000d5580000, 0x00000000d6d00000, 0x0000000100000000)
  eden space 20992K, 0% used [0x00000000d5580000,0x00000000d5580000,0x00000000d6a00000)
  from space 1024K, 0% used [0x00000000d6c00000,0x00000000d6c00000,0x00000000d6d00000)
  to   space 1536K, 0% used [0x00000000d6a00000,0x00000000d6a00000,0x00000000d6b80000)
 ParOldGen       total 68608K, used 30177K [0x0000000080000000, 0x0000000084300000, 0x00000000d5580000)
  object space 68608K, 43% used [0x0000000080000000,0x0000000081d787c0,0x0000000084300000)
 Metaspace       used 34619K, committed 35840K, reserved 1114112K
  class space    used 3519K, committed 4032K, reserved 1048576K
}
Event: 5.099 GC heap before
{Heap before GC invocations=21 (full 2):
 PSYoungGen      total 22016K, used 20992K [0x00000000d5580000, 0x00000000d6d00000, 0x0000000100000000)
  eden space 20992K, 100% used [0x00000000d5580000,0x00000000d6a00000,0x00000000d6a00000)
  from space 1024K, 0% used [0x00000000d6c00000,0x00000000d6c00000,0x00000000d6d00000)
  to   space 1536K, 0% used [0x00000000d6a00000,0x00000000d6a00000,0x00000000d6b80000)
 ParOldGen       total 68608K, used 30177K [0x0000000080000000, 0x0000000084300000, 0x00000000d5580000)
  object space 68608K, 43% used [0x0000000080000000,0x0000000081d787c0,0x0000000084300000)
 Metaspace       used 36279K, committed 37184K, reserved 1114112K
  class space    used 3698K, committed 4096K, reserved 1048576K
}
Event: 5.100 GC heap after
{Heap after GC invocations=21 (full 2):
 PSYoungGen      total 22528K, used 768K [0x00000000d5580000, 0x00000000d6c80000, 0x0000000100000000)
  eden space 20992K, 0% used [0x00000000d5580000,0x00000000d5580000,0x00000000d6a00000)
  from space 1536K, 50% used [0x00000000d6a00000,0x00000000d6ac0010,0x00000000d6b80000)
  to   space 1024K, 0% used [0x00000000d6b80000,0x00000000d6b80000,0x00000000d6c80000)
 ParOldGen       total 68608K, used 30185K [0x0000000080000000, 0x0000000084300000, 0x00000000d5580000)
  object space 68608K, 43% used [0x0000000080000000,0x0000000081d7a7c0,0x0000000084300000)
 Metaspace       used 36279K, committed 37184K, reserved 1114112K
  class space    used 3698K, committed 4096K, reserved 1048576K
}
Event: 5.363 GC heap before
{Heap before GC invocations=22 (full 2):
 PSYoungGen      total 22528K, used 21760K [0x00000000d5580000, 0x00000000d6c80000, 0x0000000100000000)
  eden space 20992K, 100% used [0x00000000d5580000,0x00000000d6a00000,0x00000000d6a00000)
  from space 1536K, 50% used [0x00000000d6a00000,0x00000000d6ac0010,0x00000000d6b80000)
  to   space 1024K, 0% used [0x00000000d6b80000,0x00000000d6b80000,0x00000000d6c80000)
 ParOldGen       total 68608K, used 30346K [0x0000000080000000, 0x0000000084300000, 0x00000000d5580000)
  object space 68608K, 44% used [0x0000000080000000,0x0000000081da2878,0x0000000084300000)
 Metaspace       used 37772K, committed 38720K, reserved 1114112K
  class space    used 3859K, committed 4288K, reserved 1048576K
}
Event: 5.364 GC heap after
{Heap after GC invocations=22 (full 2):
 PSYoungGen      total 20992K, used 992K [0x00000000d5580000, 0x00000000d6f00000, 0x0000000100000000)
  eden space 19968K, 0% used [0x00000000d5580000,0x00000000d5580000,0x00000000d6900000)
  from space 1024K, 96% used [0x00000000d6b80000,0x00000000d6c78228,0x00000000d6c80000)
  to   space 2560K, 0% used [0x00000000d6900000,0x00000000d6900000,0x00000000d6b80000)
 ParOldGen       total 68608K, used 31266K [0x0000000080000000, 0x0000000084300000, 0x00000000d5580000)
  object space 68608K, 45% used [0x0000000080000000,0x0000000081e88908,0x0000000084300000)
 Metaspace       used 37772K, committed 38720K, reserved 1114112K
  class space    used 3859K, committed 4288K, reserved 1048576K
}
Event: 5.535 GC heap before
{Heap before GC invocations=23 (full 2):
 PSYoungGen      total 20992K, used 20960K [0x00000000d5580000, 0x00000000d6f00000, 0x0000000100000000)
  eden space 19968K, 100% used [0x00000000d5580000,0x00000000d6900000,0x00000000d6900000)
  from space 1024K, 96% used [0x00000000d6b80000,0x00000000d6c78228,0x00000000d6c80000)
  to   space 2560K, 0% used [0x00000000d6900000,0x00000000d6900000,0x00000000d6b80000)
 ParOldGen       total 68608K, used 31295K [0x0000000080000000, 0x0000000084300000, 0x00000000d5580000)
  object space 68608K, 45% used [0x0000000080000000,0x0000000081e8fc20,0x0000000084300000)
 Metaspace       used 38763K, committed 39680K, reserved 1114112K
  class space    used 3949K, committed 4352K, reserved 1048576K
}
Event: 5.537 GC heap after
{Heap after GC invocations=23 (full 2):
 PSYoungGen      total 20992K, used 634K [0x00000000d5580000, 0x00000000d6c00000, 0x0000000100000000)
  eden space 19968K, 0% used [0x00000000d5580000,0x00000000d5580000,0x00000000d6900000)
  from space 1024K, 61% used [0x00000000d6900000,0x00000000d699eac0,0x00000000d6a00000)
  to   space 1536K, 0% used [0x00000000d6a80000,0x00000000d6a80000,0x00000000d6c00000)
 ParOldGen       total 68608K, used 31855K [0x0000000080000000, 0x0000000084300000, 0x00000000d5580000)
  object space 68608K, 46% used [0x0000000080000000,0x0000000081f1bc80,0x0000000084300000)
 Metaspace       used 38763K, committed 39680K, reserved 1114112K
  class space    used 3949K, committed 4352K, reserved 1048576K
}
Event: 5.966 GC heap before
{Heap before GC invocations=24 (full 2):
 PSYoungGen      total 20992K, used 20602K [0x00000000d5580000, 0x00000000d6c00000, 0x0000000100000000)
  eden space 19968K, 100% used [0x00000000d5580000,0x00000000d6900000,0x00000000d6900000)
  from space 1024K, 61% used [0x00000000d6900000,0x00000000d699eac0,0x00000000d6a00000)
  to   space 1536K, 0% used [0x00000000d6a80000,0x00000000d6a80000,0x00000000d6c00000)
 ParOldGen       total 68608K, used 31855K [0x0000000080000000, 0x0000000084300000, 0x00000000d5580000)
  object space 68608K, 46% used [0x0000000080000000,0x0000000081f1bc80,0x0000000084300000)
 Metaspace       used 39505K, committed 40512K, reserved 1114112K
  class space    used 3996K, committed 4416K, reserved 1048576K
}
Event: 5.968 GC heap after
{Heap after GC invocations=24 (full 2):
 PSYoungGen      total 21504K, used 1006K [0x00000000d5580000, 0x00000000d6c00000, 0x0000000100000000)
  eden space 19968K, 0% used [0x00000000d5580000,0x00000000d5580000,0x00000000d6900000)
  from space 1536K, 65% used [0x00000000d6a80000,0x00000000d6b7b940,0x00000000d6c00000)
  to   space 1536K, 0% used [0x00000000d6900000,0x00000000d6900000,0x00000000d6a80000)
 ParOldGen       total 68608K, used 32121K [0x0000000080000000, 0x0000000084300000, 0x00000000d5580000)
  object space 68608K, 46% used [0x0000000080000000,0x0000000081f5e740,0x0000000084300000)
 Metaspace       used 39505K, committed 40512K, reserved 1114112K
  class space    used 3996K, committed 4416K, reserved 1048576K
}
Event: 6.395 GC heap before
{Heap before GC invocations=25 (full 2):
 PSYoungGen      total 21504K, used 20974K [0x00000000d5580000, 0x00000000d6c00000, 0x0000000100000000)
  eden space 19968K, 100% used [0x00000000d5580000,0x00000000d6900000,0x00000000d6900000)
  from space 1536K, 65% used [0x00000000d6a80000,0x00000000d6b7b940,0x00000000d6c00000)
  to   space 1536K, 0% used [0x00000000d6900000,0x00000000d6900000,0x00000000d6a80000)
 ParOldGen       total 68608K, used 32121K [0x0000000080000000, 0x0000000084300000, 0x00000000d5580000)
  object space 68608K, 46% used [0x0000000080000000,0x0000000081f5e740,0x0000000084300000)
 Metaspace       used 41330K, committed 42368K, reserved 1114112K
  class space    used 4185K, committed 4672K, reserved 1048576K
}
Event: 6.397 GC heap after
{Heap after GC invocations=25 (full 2):
 PSYoungGen      total 21504K, used 1526K [0x00000000d5580000, 0x00000000d7100000, 0x0000000100000000)
  eden space 19968K, 0% used [0x00000000d5580000,0x00000000d5580000,0x00000000d6900000)
  from space 1536K, 99% used [0x00000000d6900000,0x00000000d6a7d8a8,0x00000000d6a80000)
  to   space 4096K, 0% used [0x00000000d6d00000,0x00000000d6d00000,0x00000000d7100000)
 ParOldGen       total 68608K, used 34011K [0x0000000080000000, 0x0000000084300000, 0x00000000d5580000)
  object space 68608K, 49% used [0x0000000080000000,0x0000000082136da0,0x0000000084300000)
 Metaspace       used 41330K, committed 42368K, reserved 1114112K
  class space    used 4185K, committed 4672K, reserved 1048576K
}
Event: 6.437 GC heap before
{Heap before GC invocations=26 (full 2):
 PSYoungGen      total 21504K, used 21477K [0x00000000d5580000, 0x00000000d7100000, 0x0000000100000000)
  eden space 19968K, 99% used [0x00000000d5580000,0x00000000d68fbe20,0x00000000d6900000)
  from space 1536K, 99% used [0x00000000d6900000,0x00000000d6a7d8a8,0x00000000d6a80000)
  to   space 4096K, 0% used [0x00000000d6d00000,0x00000000d6d00000,0x00000000d7100000)
 ParOldGen       total 68608K, used 34011K [0x0000000080000000, 0x0000000084300000, 0x00000000d5580000)
  object space 68608K, 49% used [0x0000000080000000,0x0000000082136da0,0x0000000084300000)
 Metaspace       used 41880K, committed 43008K, reserved 1114112K
  class space    used 4223K, committed 4736K, reserved 1048576K
}
Event: 6.438 GC heap after
{Heap after GC invocations=26 (full 2):
 PSYoungGen      total 20992K, used 782K [0x00000000d5580000, 0x00000000d6e00000, 0x0000000100000000)
  eden space 19968K, 0% used [0x00000000d5580000,0x00000000d5580000,0x00000000d6900000)
  from space 1024K, 76% used [0x00000000d6d00000,0x00000000d6dc39d0,0x00000000d6e00000)
  to   space 2048K, 0% used [0x00000000d6a00000,0x00000000d6a00000,0x00000000d6c00000)
 ParOldGen       total 68608K, used 35466K [0x0000000080000000, 0x0000000084300000, 0x00000000d5580000)
  object space 68608K, 51% used [0x0000000080000000,0x00000000822a2b80,0x0000000084300000)
 Metaspace       used 41880K, committed 43008K, reserved 1114112K
  class space    used 4223K, committed 4736K, reserved 1048576K
}

