# JRE version: OpenJDK Runtime Environment Temurin-21.0.11+10 (21.0.11+10) (build 21.0.11+10-LTS)
# Java VM: OpenJDK 64-Bit Server VM Temurin-21.0.11+10 (21.0.11+10-LTS, mixed mode, sharing, tiered, compressed oops, compressed class ptrs, parallel gc, windows-amd64)
GC Precious Log:
 CardTable entry size: 512
 CPUs: 16 total, 16 available
 Memory: 32557M
 Large Page Support: Disabled
 NUMA Support: Disabled
 Compressed Oops: Enabled (32-bit)
 Alignments: Space 512K, Generation 512K, Heap 2M
 Heap Min Capacity: 100M
 Heap Initial Capacity: 100M
 Heap Max Capacity: 2G
 Pre-touch: Disabled
 Parallel Workers: 13
Heap:
 PSYoungGen      total 21504K, used 15999K [0x00000000d5580000, 0x00000000d7000000, 0x0000000100000000)
  eden space 19968K, 72% used [0x00000000d5580000,0x00000000d63a78c8,0x00000000d6900000)
  from space 1536K, 98% used [0x00000000d6900000,0x00000000d6a78f18,0x00000000d6a80000)
  to   space 3584K, 0% used [0x00000000d6c80000,0x00000000d6c80000,0x00000000d7000000)
 ParOldGen       total 68608K, used 31687K [0x0000000080000000, 0x0000000084300000, 0x00000000d5580000)
  object space 68608K, 46% used [0x0000000080000000,0x0000000081ef1c40,0x0000000084300000)
 Metaspace       used 42634K, committed 43648K, reserved 1114112K
  class space    used 4247K, committed 4672K, reserved 1048576K
GC Heap History (20 events):
Event: 8.046 GC heap before
{Heap before GC invocations=16 (full 1):
 PSYoungGen      total 23552K, used 23076K [0x00000000d5580000, 0x00000000d6f80000, 0x0000000100000000)
  eden space 20992K, 100% used [0x00000000d5580000,0x00000000d6a00000,0x00000000d6a00000)
  from space 2560K, 81% used [0x00000000d6d00000,0x00000000d6f09000,0x00000000d6f80000)
  to   space 2560K, 0% used [0x00000000d6a00000,0x00000000d6a00000,0x00000000d6c80000)
 ParOldGen       total 68608K, used 23633K [0x0000000080000000, 0x0000000084300000, 0x00000000d5580000)
  object space 68608K, 34% used [0x0000000080000000,0x00000000817144d0,0x0000000084300000)
 Metaspace       used 32767K, committed 33664K, reserved 1114112K
  class space    used 3287K, committed 3712K, reserved 1048576K
}
Event: 8.049 GC heap after
{Heap after GC invocations=16 (full 1):
 PSYoungGen      total 23552K, used 2240K [0x00000000d5580000, 0x00000000d6f00000, 0x0000000100000000)
  eden space 20992K, 0% used [0x00000000d5580000,0x00000000d5580000,0x00000000d6a00000)
  from space 2560K, 87% used [0x00000000d6a00000,0x00000000d6c30010,0x00000000d6c80000)
  to   space 2560K, 0% used [0x00000000d6c80000,0x00000000d6c80000,0x00000000d6f00000)
 ParOldGen       total 68608K, used 25513K [0x0000000080000000, 0x0000000084300000, 0x00000000d5580000)
  object space 68608K, 37% used [0x0000000080000000,0x00000000818ea5d0,0x0000000084300000)
 Metaspace       used 32767K, committed 33664K, reserved 1114112K
  class space    used 3287K, committed 3712K, reserved 1048576K
}
Event: 8.095 GC heap before
{Heap before GC invocations=17 (full 1):
 PSYoungGen      total 23552K, used 23232K [0x00000000d5580000, 0x00000000d6f00000, 0x0000000100000000)
  eden space 20992K, 100% used [0x00000000d5580000,0x00000000d6a00000,0x00000000d6a00000)
  from space 2560K, 87% used [0x00000000d6a00000,0x00000000d6c30010,0x00000000d6c80000)
  to   space 2560K, 0% used [0x00000000d6c80000,0x00000000d6c80000,0x00000000d6f00000)
 ParOldGen       total 68608K, used 25513K [0x0000000080000000, 0x0000000084300000, 0x00000000d5580000)
  object space 68608K, 37% used [0x0000000080000000,0x00000000818ea5d0,0x0000000084300000)
 Metaspace       used 32857K, committed 33856K, reserved 1114112K
  class space    used 3288K, committed 3712K, reserved 1048576K
}
Event: 8.097 GC heap after
{Heap after GC invocations=17 (full 1):
 PSYoungGen      total 23552K, used 1976K [0x00000000d5580000, 0x00000000d6f00000, 0x0000000100000000)
  eden space 20992K, 0% used [0x00000000d5580000,0x00000000d5580000,0x00000000d6a00000)
  from space 2560K, 77% used [0x00000000d6c80000,0x00000000d6e6e200,0x00000000d6f00000)
  to   space 2560K, 0% used [0x00000000d6a00000,0x00000000d6a00000,0x00000000d6c80000)
 ParOldGen       total 68608K, used 27561K [0x0000000080000000, 0x0000000084300000, 0x00000000d5580000)
  object space 68608K, 40% used [0x0000000080000000,0x0000000081aea5e0,0x0000000084300000)
 Metaspace       used 32857K, committed 33856K, reserved 1114112K
  class space    used 3288K, committed 3712K, reserved 1048576K
}
Event: 8.305 GC heap before
{Heap before GC invocations=18 (full 1):
 PSYoungGen      total 23552K, used 22968K [0x00000000d5580000, 0x00000000d6f00000, 0x0000000100000000)
  eden space 20992K, 100% used [0x00000000d5580000,0x00000000d6a00000,0x00000000d6a00000)
  from space 2560K, 77% used [0x00000000d6c80000,0x00000000d6e6e200,0x00000000d6f00000)
  to   space 2560K, 0% used [0x00000000d6a00000,0x00000000d6a00000,0x00000000d6c80000)
 ParOldGen       total 68608K, used 27561K [0x0000000080000000, 0x0000000084300000, 0x00000000d5580000)
  object space 68608K, 40% used [0x0000000080000000,0x0000000081aea5e0,0x0000000084300000)
 Metaspace       used 34258K, committed 35200K, reserved 1114112K
  class space    used 3467K, committed 3840K, reserved 1048576K
}
Event: 8.307 GC heap after
{Heap after GC invocations=18 (full 1):
 PSYoungGen      total 23040K, used 1899K [0x00000000d5580000, 0x00000000d6e00000, 0x0000000100000000)
  eden space 20992K, 0% used [0x00000000d5580000,0x00000000d5580000,0x00000000d6a00000)
  from space 2048K, 92% used [0x00000000d6a00000,0x00000000d6bdaf60,0x00000000d6c00000)
  to   space 2048K, 0% used [0x00000000d6c00000,0x00000000d6c00000,0x00000000d6e00000)
 ParOldGen       total 68608K, used 29353K [0x0000000080000000, 0x0000000084300000, 0x00000000d5580000)
  object space 68608K, 42% used [0x0000000080000000,0x0000000081caa7e0,0x0000000084300000)
 Metaspace       used 34258K, committed 35200K, reserved 1114112K
  class space    used 3467K, committed 3840K, reserved 1048576K
}
Event: 8.406 GC heap before
{Heap before GC invocations=19 (full 1):
 PSYoungGen      total 23040K, used 12977K [0x00000000d5580000, 0x00000000d6e00000, 0x0000000100000000)
  eden space 20992K, 52% used [0x00000000d5580000,0x00000000d60517a8,0x00000000d6a00000)
  from space 2048K, 92% used [0x00000000d6a00000,0x00000000d6bdaf60,0x00000000d6c00000)
  to   space 2048K, 0% used [0x00000000d6c00000,0x00000000d6c00000,0x00000000d6e00000)
 ParOldGen       total 68608K, used 29353K [0x0000000080000000, 0x0000000084300000, 0x00000000d5580000)
  object space 68608K, 42% used [0x0000000080000000,0x0000000081caa7e0,0x0000000084300000)
 Metaspace       used 34902K, committed 35840K, reserved 1114112K
  class space    used 3566K, committed 3968K, reserved 1048576K
}
Event: 8.407 GC heap after
{Heap after GC invocations=19 (full 1):
 PSYoungGen      total 21504K, used 320K [0x00000000d5580000, 0x00000000d6c80000, 0x0000000100000000)
  eden space 20992K, 0% used [0x00000000d5580000,0x00000000d5580000,0x00000000d6a00000)
  from space 512K, 62% used [0x00000000d6c00000,0x00000000d6c50000,0x00000000d6c80000)
  to   space 1024K, 0% used [0x00000000d6a80000,0x00000000d6a80000,0x00000000d6b80000)
 ParOldGen       total 68608K, used 30697K [0x0000000080000000, 0x0000000084300000, 0x00000000d5580000)
  object space 68608K, 44% used [0x0000000080000000,0x0000000081dfa660,0x0000000084300000)
 Metaspace       used 34902K, committed 35840K, reserved 1114112K
  class space    used 3566K, committed 3968K, reserved 1048576K
}
Event: 8.407 GC heap before
{Heap before GC invocations=20 (full 2):
 PSYoungGen      total 21504K, used 320K [0x00000000d5580000, 0x00000000d6c80000, 0x0000000100000000)
  eden space 20992K, 0% used [0x00000000d5580000,0x00000000d5580000,0x00000000d6a00000)
  from space 512K, 62% used [0x00000000d6c00000,0x00000000d6c50000,0x00000000d6c80000)
  to   space 1024K, 0% used [0x00000000d6a80000,0x00000000d6a80000,0x00000000d6b80000)
 ParOldGen       total 68608K, used 30697K [0x0000000080000000, 0x0000000084300000, 0x00000000d5580000)
  object space 68608K, 44% used [0x0000000080000000,0x0000000081dfa660,0x0000000084300000)
 Metaspace       used 34902K, committed 35840K, reserved 1114112K
  class space    used 3566K, committed 3968K, reserved 1048576K
}
Event: 8.435 GC heap after
{Heap after GC invocations=20 (full 2):
 PSYoungGen      total 21504K, used 0K [0x00000000d5580000, 0x00000000d6c80000, 0x0000000100000000)
  eden space 20992K, 0% used [0x00000000d5580000,0x00000000d5580000,0x00000000d6a00000)
  from space 512K, 0% used [0x00000000d6c00000,0x00000000d6c00000,0x00000000d6c80000)
  to   space 1024K, 0% used [0x00000000d6a80000,0x00000000d6a80000,0x00000000d6b80000)
 ParOldGen       total 68608K, used 29286K [0x0000000080000000, 0x0000000084300000, 0x00000000d5580000)
  object space 68608K, 42% used [0x0000000080000000,0x0000000081c998b0,0x0000000084300000)
 Metaspace       used 34902K, committed 35840K, reserved 1114112K
  class space    used 3566K, committed 3968K, reserved 1048576K
}
Event: 8.613 GC heap before
{Heap before GC invocations=21 (full 2):
 PSYoungGen      total 21504K, used 20992K [0x00000000d5580000, 0x00000000d6c80000, 0x0000000100000000)
  eden space 20992K, 100% used [0x00000000d5580000,0x00000000d6a00000,0x00000000d6a00000)
  from space 512K, 0% used [0x00000000d6c00000,0x00000000d6c00000,0x00000000d6c80000)
  to   space 1024K, 0% used [0x00000000d6a80000,0x00000000d6a80000,0x00000000d6b80000)
 ParOldGen       total 68608K, used 29286K [0x0000000080000000, 0x0000000084300000, 0x00000000d5580000)
  object space 68608K, 42% used [0x0000000080000000,0x0000000081c998b0,0x0000000084300000)
 Metaspace       used 36320K, committed 37248K, reserved 1114112K
  class space    used 3700K, committed 4096K, reserved 1048576K
}
Event: 8.614 GC heap after
{Heap after GC invocations=21 (full 2):
 PSYoungGen      total 22016K, used 695K [0x00000000d5580000, 0x00000000d6c80000, 0x0000000100000000)
  eden space 20992K, 0% used [0x00000000d5580000,0x00000000d5580000,0x00000000d6a00000)
  from space 1024K, 67% used [0x00000000d6a80000,0x00000000d6b2de78,0x00000000d6b80000)
  to   space 1024K, 0% used [0x00000000d6b80000,0x00000000d6b80000,0x00000000d6c80000)
 ParOldGen       total 68608K, used 29294K [0x0000000080000000, 0x0000000084300000, 0x00000000d5580000)
  object space 68608K, 42% used [0x0000000080000000,0x0000000081c9b8b0,0x0000000084300000)
 Metaspace       used 36320K, committed 37248K, reserved 1114112K
  class space    used 3700K, committed 4096K, reserved 1048576K
}
Event: 8.670 GC heap before
{Heap before GC invocations=22 (full 2):
 PSYoungGen      total 22016K, used 21521K [0x00000000d5580000, 0x00000000d6c80000, 0x0000000100000000)
  eden space 20992K, 99% used [0x00000000d5580000,0x00000000d69d65a8,0x00000000d6a00000)
  from space 1024K, 67% used [0x00000000d6a80000,0x00000000d6b2de78,0x00000000d6b80000)
  to   space 1024K, 0% used [0x00000000d6b80000,0x00000000d6b80000,0x00000000d6c80000)
 ParOldGen       total 68608K, used 29294K [0x0000000080000000, 0x0000000084300000, 0x00000000d5580000)
  object space 68608K, 42% used [0x0000000080000000,0x0000000081c9b8b0,0x0000000084300000)
 Metaspace       used 36587K, committed 37568K, reserved 1114112K
  class space    used 3717K, committed 4096K, reserved 1048576K
}
Event: 8.671 GC heap after
{Heap after GC invocations=22 (full 2):
 PSYoungGen      total 20992K, used 1018K [0x00000000d5580000, 0x00000000d6f00000, 0x0000000100000000)
  eden space 19968K, 0% used [0x00000000d5580000,0x00000000d5580000,0x00000000d6900000)
  from space 1024K, 99% used [0x00000000d6b80000,0x00000000d6c7eb10,0x00000000d6c80000)
  to   space 2560K, 0% used [0x00000000d6900000,0x00000000d6900000,0x00000000d6b80000)
 ParOldGen       total 68608K, used 30156K [0x0000000080000000, 0x0000000084300000, 0x00000000d5580000)
  object space 68608K, 43% used [0x0000000080000000,0x0000000081d733d8,0x0000000084300000)
 Metaspace       used 36587K, committed 37568K, reserved 1114112K
  class space    used 3717K, committed 4096K, reserved 1048576K
}
Event: 8.734 GC heap before
{Heap before GC invocations=23 (full 2):
 PSYoungGen      total 20992K, used 20986K [0x00000000d5580000, 0x00000000d6f00000, 0x0000000100000000)
  eden space 19968K, 100% used [0x00000000d5580000,0x00000000d6900000,0x00000000d6900000)
  from space 1024K, 99% used [0x00000000d6b80000,0x00000000d6c7eb10,0x00000000d6c80000)
  to   space 2560K, 0% used [0x00000000d6900000,0x00000000d6900000,0x00000000d6b80000)
 ParOldGen       total 68608K, used 30156K [0x0000000080000000, 0x0000000084300000, 0x00000000d5580000)
  object space 68608K, 43% used [0x0000000080000000,0x0000000081d733d8,0x0000000084300000)
 Metaspace       used 37635K, committed 38656K, reserved 1114112K
  class space    used 3813K, committed 4224K, reserved 1048576K
}
Event: 8.735 GC heap after
{Heap after GC invocations=23 (full 2):
 PSYoungGen      total 20480K, used 352K [0x00000000d5580000, 0x00000000d6c00000, 0x0000000100000000)
  eden space 19968K, 0% used [0x00000000d5580000,0x00000000d5580000,0x00000000d6900000)
  from space 512K, 68% used [0x00000000d6900000,0x00000000d6958000,0x00000000d6980000)
  to   space 1024K, 0% used [0x00000000d6b00000,0x00000000d6b00000,0x00000000d6c00000)
 ParOldGen       total 68608K, used 30332K [0x0000000080000000, 0x0000000084300000, 0x00000000d5580000)
  object space 68608K, 44% used [0x0000000080000000,0x0000000081d9f3d8,0x0000000084300000)
 Metaspace       used 37635K, committed 38656K, reserved 1114112K
  class space    used 3813K, committed 4224K, reserved 1048576K
}
Event: 9.125 GC heap before
{Heap before GC invocations=24 (full 2):
 PSYoungGen      total 20480K, used 20320K [0x00000000d5580000, 0x00000000d6c00000, 0x0000000100000000)
  eden space 19968K, 100% used [0x00000000d5580000,0x00000000d6900000,0x00000000d6900000)
  from space 512K, 68% used [0x00000000d6900000,0x00000000d6958000,0x00000000d6980000)
  to   space 1024K, 0% used [0x00000000d6b00000,0x00000000d6b00000,0x00000000d6c00000)
 ParOldGen       total 68608K, used 30332K [0x0000000080000000, 0x0000000084300000, 0x00000000d5580000)
  object space 68608K, 44% used [0x0000000080000000,0x0000000081d9f3d8,0x0000000084300000)
 Metaspace       used 39610K, committed 40576K, reserved 1114112K
  class space    used 3954K, committed 4352K, reserved 1048576K
}
Event: 9.126 GC heap after
{Heap after GC invocations=24 (full 2):
 PSYoungGen      total 20992K, used 965K [0x00000000d5580000, 0x00000000d6c00000, 0x0000000100000000)
  eden space 19968K, 0% used [0x00000000d5580000,0x00000000d5580000,0x00000000d6900000)
  from space 1024K, 94% used [0x00000000d6b00000,0x00000000d6bf14c0,0x00000000d6c00000)
  to   space 1536K, 0% used [0x00000000d6900000,0x00000000d6900000,0x00000000d6a80000)
 ParOldGen       total 68608K, used 30428K [0x0000000080000000, 0x0000000084300000, 0x00000000d5580000)
  object space 68608K, 44% used [0x0000000080000000,0x0000000081db73d8,0x0000000084300000)
 Metaspace       used 39610K, committed 40576K, reserved 1114112K
  class space    used 3954K, committed 4352K, reserved 1048576K
}
Event: 9.512 GC heap before
{Heap before GC invocations=25 (full 2):
 PSYoungGen      total 20992K, used 20851K [0x00000000d5580000, 0x00000000d6c00000, 0x0000000100000000)
  eden space 19968K, 99% used [0x00000000d5580000,0x00000000d68eb9b8,0x00000000d6900000)
  from space 1024K, 94% used [0x00000000d6b00000,0x00000000d6bf14c0,0x00000000d6c00000)
  to   space 1536K, 0% used [0x00000000d6900000,0x00000000d6900000,0x00000000d6a80000)
 ParOldGen       total 68608K, used 30428K [0x0000000080000000, 0x0000000084300000, 0x00000000d5580000)
  object space 68608K, 44% used [0x0000000080000000,0x0000000081db73d8,0x0000000084300000)
 Metaspace       used 41531K, committed 42432K, reserved 1114112K
  class space    used 4147K, committed 4544K, reserved 1048576K
}
Event: 9.514 GC heap after
{Heap after GC invocations=25 (full 2):
 PSYoungGen      total 21504K, used 1507K [0x00000000d5580000, 0x00000000d7000000, 0x0000000100000000)
  eden space 19968K, 0% used [0x00000000d5580000,0x00000000d5580000,0x00000000d6900000)
  from space 1536K, 98% used [0x00000000d6900000,0x00000000d6a78f18,0x00000000d6a80000)
  to   space 3584K, 0% used [0x00000000d6c80000,0x00000000d6c80000,0x00000000d7000000)
 ParOldGen       total 68608K, used 31687K [0x0000000080000000, 0x0000000084300000, 0x00000000d5580000)
  object space 68608K, 46% used [0x0000000080000000,0x0000000081ef1c40,0x0000000084300000)
 Metaspace       used 41531K, committed 42432K, reserved 1114112K
  class space    used 4147K, committed 4544K, reserved 1048576K
}

