# JRE version: OpenJDK Runtime Environment Temurin-21.0.10+7 (21.0.10+7) (build 21.0.10+7-LTS)
# Java VM: OpenJDK 64-Bit Server VM Temurin-21.0.10+7 (21.0.10+7-LTS, mixed mode, sharing, tiered, compressed oops, compressed class ptrs, parallel gc, windows-amd64)
GC Precious Log:
 CardTable entry size: 512
 CPUs: 16 total, 16 available
 Memory: 32557M
 Large Page Support: Disabled
 NUMA Support: Disabled
 Compressed Oops: Enabled (32-bit)
 Alignments: Space 512K, Generation 512K, Heap 2M
 Heap Min Capacity: 100M
 Heap Initial Capacity: 100M
 Heap Max Capacity: 2G
 Pre-touch: Disabled
 Parallel Workers: 13
Heap:
 PSYoungGen      total 16384K, used 14943K [0x00000000d5580000, 0x00000000d6a00000, 0x0000000100000000)
  eden space 15872K, 91% used [0x00000000d5580000,0x00000000d639eaa0,0x00000000d6500000)
  from space 512K, 94% used [0x00000000d6780000,0x00000000d67f9378,0x00000000d6800000)
  to   space 2560K, 0% used [0x00000000d6500000,0x00000000d6500000,0x00000000d6780000)
 ParOldGen       total 71168K, used 70953K [0x0000000080000000, 0x0000000084580000, 0x00000000d5580000)
  object space 71168K, 99% used [0x0000000080000000,0x000000008454a670,0x0000000084580000)
 Metaspace       used 83777K, committed 85440K, reserved 1179648K
  class space    used 10175K, committed 10880K, reserved 1048576K
GC Heap History (20 events):
Event: 46.122 GC heap before
{Heap before GC invocations=78 (full 3):
 PSYoungGen      total 16896K, used 16701K [0x00000000d5580000, 0x00000000d6780000, 0x0000000100000000)
  eden space 16384K, 99% used [0x00000000d5580000,0x00000000d657f448,0x00000000d6580000)
  from space 512K, 62% used [0x00000000d6700000,0x00000000d6750000,0x00000000d6780000)
  to   space 512K, 0% used [0x00000000d6680000,0x00000000d6680000,0x00000000d6700000)
 ParOldGen       total 68608K, used 65328K [0x0000000080000000, 0x0000000084300000, 0x00000000d5580000)
  object space 68608K, 95% used [0x0000000080000000,0x0000000083fcc388,0x0000000084300000)
 Metaspace       used 74880K, committed 76352K, reserved 1179648K
  class space    used 9341K, committed 9984K, reserved 1048576K
}
Event: 46.123 GC heap after
{Heap after GC invocations=78 (full 3):
 PSYoungGen      total 16896K, used 492K [0x00000000d5580000, 0x00000000d6780000, 0x0000000100000000)
  eden space 16384K, 0% used [0x00000000d5580000,0x00000000d5580000,0x00000000d6580000)
  from space 512K, 96% used [0x00000000d6680000,0x00000000d66fb2f0,0x00000000d6700000)
  to   space 512K, 0% used [0x00000000d6700000,0x00000000d6700000,0x00000000d6780000)
 ParOldGen       total 68608K, used 65582K [0x0000000080000000, 0x0000000084300000, 0x00000000d5580000)
  object space 68608K, 95% used [0x0000000080000000,0x000000008400bba8,0x0000000084300000)
 Metaspace       used 74880K, committed 76352K, reserved 1179648K
  class space    used 9341K, committed 9984K, reserved 1048576K
}
Event: 46.274 GC heap before
{Heap before GC invocations=79 (full 3):
 PSYoungGen      total 16896K, used 16876K [0x00000000d5580000, 0x00000000d6780000, 0x0000000100000000)
  eden space 16384K, 100% used [0x00000000d5580000,0x00000000d6580000,0x00000000d6580000)
  from space 512K, 96% used [0x00000000d6680000,0x00000000d66fb2f0,0x00000000d6700000)
  to   space 512K, 0% used [0x00000000d6700000,0x00000000d6700000,0x00000000d6780000)
 ParOldGen       total 68608K, used 65582K [0x0000000080000000, 0x0000000084300000, 0x00000000d5580000)
  object space 68608K, 95% used [0x0000000080000000,0x000000008400bba8,0x0000000084300000)
 Metaspace       used 76140K, committed 77632K, reserved 1179648K
  class space    used 9469K, committed 10112K, reserved 1048576K
}
Event: 46.276 GC heap after
{Heap after GC invocations=79 (full 3):
 PSYoungGen      total 16384K, used 498K [0x00000000d5580000, 0x00000000d6980000, 0x0000000100000000)
  eden space 15872K, 0% used [0x00000000d5580000,0x00000000d5580000,0x00000000d6500000)
  from space 512K, 97% used [0x00000000d6700000,0x00000000d677cb18,0x00000000d6780000)
  to   space 2048K, 0% used [0x00000000d6500000,0x00000000d6500000,0x00000000d6700000)
 ParOldGen       total 68608K, used 66527K [0x0000000080000000, 0x0000000084300000, 0x00000000d5580000)
  object space 68608K, 96% used [0x0000000080000000,0x00000000840f7c60,0x0000000084300000)
 Metaspace       used 76140K, committed 77632K, reserved 1179648K
  class space    used 9469K, committed 10112K, reserved 1048576K
}
Event: 46.335 GC heap before
{Heap before GC invocations=80 (full 3):
 PSYoungGen      total 16384K, used 16370K [0x00000000d5580000, 0x00000000d6980000, 0x0000000100000000)
  eden space 15872K, 100% used [0x00000000d5580000,0x00000000d6500000,0x00000000d6500000)
  from space 512K, 97% used [0x00000000d6700000,0x00000000d677cb18,0x00000000d6780000)
  to   space 2048K, 0% used [0x00000000d6500000,0x00000000d6500000,0x00000000d6700000)
 ParOldGen       total 68608K, used 66527K [0x0000000080000000, 0x0000000084300000, 0x00000000d5580000)
  object space 68608K, 96% used [0x0000000080000000,0x00000000840f7c60,0x0000000084300000)
 Metaspace       used 76462K, committed 77952K, reserved 1179648K
  class space    used 9490K, committed 10176K, reserved 1048576K
}
Event: 46.337 GC heap after
{Heap after GC invocations=80 (full 3):
 PSYoungGen      total 17920K, used 2017K [0x00000000d5580000, 0x00000000d6b00000, 0x0000000100000000)
  eden space 15872K, 0% used [0x00000000d5580000,0x00000000d5580000,0x00000000d6500000)
  from space 2048K, 98% used [0x00000000d6500000,0x00000000d66f84b8,0x00000000d6700000)
  to   space 3072K, 0% used [0x00000000d6800000,0x00000000d6800000,0x00000000d6b00000)
 ParOldGen       total 68608K, used 67073K [0x0000000080000000, 0x0000000084300000, 0x00000000d5580000)
  object space 68608K, 97% used [0x0000000080000000,0x00000000841804b0,0x0000000084300000)
 Metaspace       used 76462K, committed 77952K, reserved 1179648K
  class space    used 9490K, committed 10176K, reserved 1048576K
}
Event: 46.380 GC heap before
{Heap before GC invocations=81 (full 3):
 PSYoungGen      total 17920K, used 17889K [0x00000000d5580000, 0x00000000d6b00000, 0x0000000100000000)
  eden space 15872K, 100% used [0x00000000d5580000,0x00000000d6500000,0x00000000d6500000)
  from space 2048K, 98% used [0x00000000d6500000,0x00000000d66f84b8,0x00000000d6700000)
  to   space 3072K, 0% used [0x00000000d6800000,0x00000000d6800000,0x00000000d6b00000)
 ParOldGen       total 68608K, used 67073K [0x0000000080000000, 0x0000000084300000, 0x00000000d5580000)
  object space 68608K, 97% used [0x0000000080000000,0x00000000841804b0,0x0000000084300000)
 Metaspace       used 76474K, committed 77952K, reserved 1179648K
  class space    used 9490K, committed 10176K, reserved 1048576K
}
Event: 46.381 GC heap after
{Heap after GC invocations=81 (full 3):
 PSYoungGen      total 16896K, used 553K [0x00000000d5580000, 0x00000000d6900000, 0x0000000100000000)
  eden space 15872K, 0% used [0x00000000d5580000,0x00000000d5580000,0x00000000d6500000)
  from space 1024K, 54% used [0x00000000d6800000,0x00000000d688a700,0x00000000d6900000)
  to   space 1536K, 0% used [0x00000000d6600000,0x00000000d6600000,0x00000000d6780000)
 ParOldGen       total 68608K, used 68309K [0x0000000080000000, 0x0000000084300000, 0x00000000d5580000)
  object space 68608K, 99% used [0x0000000080000000,0x00000000842b5628,0x0000000084300000)
 Metaspace       used 76474K, committed 77952K, reserved 1179648K
  class space    used 9490K, committed 10176K, reserved 1048576K
}
Event: 46.479 GC heap before
{Heap before GC invocations=82 (full 3):
 PSYoungGen      total 16896K, used 16425K [0x00000000d5580000, 0x00000000d6900000, 0x0000000100000000)
  eden space 15872K, 100% used [0x00000000d5580000,0x00000000d6500000,0x00000000d6500000)
  from space 1024K, 54% used [0x00000000d6800000,0x00000000d688a700,0x00000000d6900000)
  to   space 1536K, 0% used [0x00000000d6600000,0x00000000d6600000,0x00000000d6780000)
 ParOldGen       total 68608K, used 68309K [0x0000000080000000, 0x0000000084300000, 0x00000000d5580000)
  object space 68608K, 99% used [0x0000000080000000,0x00000000842b5628,0x0000000084300000)
 Metaspace       used 77462K, committed 78976K, reserved 1179648K
  class space    used 9583K, committed 10240K, reserved 1048576K
}
Event: 46.479 GC heap after
{Heap after GC invocations=82 (full 3):
 PSYoungGen      total 17408K, used 288K [0x00000000d5580000, 0x00000000d6880000, 0x0000000100000000)
  eden space 15872K, 0% used [0x00000000d5580000,0x00000000d5580000,0x00000000d6500000)
  from space 1536K, 18% used [0x00000000d6600000,0x00000000d6648000,0x00000000d6780000)
  to   space 512K, 0% used [0x00000000d6800000,0x00000000d6800000,0x00000000d6880000)
 ParOldGen       total 68608K, used 68341K [0x0000000080000000, 0x0000000084300000, 0x00000000d5580000)
  object space 68608K, 99% used [0x0000000080000000,0x00000000842bd628,0x0000000084300000)
 Metaspace       used 77462K, committed 78976K, reserved 1179648K
  class space    used 9583K, committed 10240K, reserved 1048576K
}
Event: 46.624 GC heap before
{Heap before GC invocations=83 (full 3):
 PSYoungGen      total 17408K, used 16160K [0x00000000d5580000, 0x00000000d6880000, 0x0000000100000000)
  eden space 15872K, 100% used [0x00000000d5580000,0x00000000d6500000,0x00000000d6500000)
  from space 1536K, 18% used [0x00000000d6600000,0x00000000d6648000,0x00000000d6780000)
  to   space 512K, 0% used [0x00000000d6800000,0x00000000d6800000,0x00000000d6880000)
 ParOldGen       total 68608K, used 68341K [0x0000000080000000, 0x0000000084300000, 0x00000000d5580000)
  object space 68608K, 99% used [0x0000000080000000,0x00000000842bd628,0x0000000084300000)
 Metaspace       used 78166K, committed 79680K, reserved 1179648K
  class space    used 9685K, committed 10368K, reserved 1048576K
}
Event: 46.624 GC heap after
{Heap after GC invocations=83 (full 3):
 PSYoungGen      total 16384K, used 480K [0x00000000d5580000, 0x00000000d6880000, 0x0000000100000000)
  eden space 15872K, 0% used [0x00000000d5580000,0x00000000d5580000,0x00000000d6500000)
  from space 512K, 93% used [0x00000000d6800000,0x00000000d6878010,0x00000000d6880000)
  to   space 1024K, 0% used [0x00000000d6680000,0x00000000d6680000,0x00000000d6780000)
 ParOldGen       total 68608K, used 68437K [0x0000000080000000, 0x0000000084300000, 0x00000000d5580000)
  object space 68608K, 99% used [0x0000000080000000,0x00000000842d5628,0x0000000084300000)
 Metaspace       used 78166K, committed 79680K, reserved 1179648K
  class space    used 9685K, committed 10368K, reserved 1048576K
}
Event: 46.735 GC heap before
{Heap before GC invocations=84 (full 3):
 PSYoungGen      total 16384K, used 16342K [0x00000000d5580000, 0x00000000d6880000, 0x0000000100000000)
  eden space 15872K, 99% used [0x00000000d5580000,0x00000000d64fd968,0x00000000d6500000)
  from space 512K, 93% used [0x00000000d6800000,0x00000000d6878010,0x00000000d6880000)
  to   space 1024K, 0% used [0x00000000d6680000,0x00000000d6680000,0x00000000d6780000)
 ParOldGen       total 68608K, used 68437K [0x0000000080000000, 0x0000000084300000, 0x00000000d5580000)
  object space 68608K, 99% used [0x0000000080000000,0x00000000842d5628,0x0000000084300000)
 Metaspace       used 79417K, committed 80960K, reserved 1179648K
  class space    used 9801K, committed 10432K, reserved 1048576K
}
Event: 46.736 GC heap after
{Heap after GC invocations=84 (full 3):
 PSYoungGen      total 16896K, used 570K [0x00000000d5580000, 0x00000000d6880000, 0x0000000100000000)
  eden space 15872K, 0% used [0x00000000d5580000,0x00000000d5580000,0x00000000d6500000)
  from space 1024K, 55% used [0x00000000d6680000,0x00000000d670e870,0x00000000d6780000)
  to   space 1024K, 0% used [0x00000000d6780000,0x00000000d6780000,0x00000000d6880000)
 ParOldGen       total 69120K, used 68685K [0x0000000080000000, 0x0000000084380000, 0x00000000d5580000)
  object space 69120K, 99% used [0x0000000080000000,0x0000000084313628,0x0000000084380000)
 Metaspace       used 79417K, committed 80960K, reserved 1179648K
  class space    used 9801K, committed 10432K, reserved 1048576K
}
Event: 46.879 GC heap before
{Heap before GC invocations=85 (full 3):
 PSYoungGen      total 16896K, used 16442K [0x00000000d5580000, 0x00000000d6880000, 0x0000000100000000)
  eden space 15872K, 100% used [0x00000000d5580000,0x00000000d6500000,0x00000000d6500000)
  from space 1024K, 55% used [0x00000000d6680000,0x00000000d670e870,0x00000000d6780000)
  to   space 1024K, 0% used [0x00000000d6780000,0x00000000d6780000,0x00000000d6880000)
 ParOldGen       total 69120K, used 68685K [0x0000000080000000, 0x0000000084380000, 0x00000000d5580000)
  object space 69120K, 99% used [0x0000000080000000,0x0000000084313628,0x0000000084380000)
 Metaspace       used 80873K, committed 82368K, reserved 1179648K
  class space    used 9922K, committed 10560K, reserved 1048576K
}
Event: 46.880 GC heap after
{Heap after GC invocations=85 (full 3):
 PSYoungGen      total 16896K, used 805K [0x00000000d5580000, 0x00000000d6880000, 0x0000000100000000)
  eden space 15872K, 0% used [0x00000000d5580000,0x00000000d5580000,0x00000000d6500000)
  from space 1024K, 78% used [0x00000000d6780000,0x00000000d68494c0,0x00000000d6880000)
  to   space 1024K, 0% used [0x00000000d6680000,0x00000000d6680000,0x00000000d6780000)
 ParOldGen       total 69120K, used 68973K [0x0000000080000000, 0x0000000084380000, 0x00000000d5580000)
  object space 69120K, 99% used [0x0000000080000000,0x000000008435b628,0x0000000084380000)
 Metaspace       used 80873K, committed 82368K, reserved 1179648K
  class space    used 9922K, committed 10560K, reserved 1048576K
}
Event: 47.920 GC heap before
{Heap before GC invocations=86 (full 3):
 PSYoungGen      total 16896K, used 16677K [0x00000000d5580000, 0x00000000d6880000, 0x0000000100000000)
  eden space 15872K, 100% used [0x00000000d5580000,0x00000000d6500000,0x00000000d6500000)
  from space 1024K, 78% used [0x00000000d6780000,0x00000000d68494c0,0x00000000d6880000)
  to   space 1024K, 0% used [0x00000000d6680000,0x00000000d6680000,0x00000000d6780000)
 ParOldGen       total 69120K, used 68973K [0x0000000080000000, 0x0000000084380000, 0x00000000d5580000)
  object space 69120K, 99% used [0x0000000080000000,0x000000008435b628,0x0000000084380000)
 Metaspace       used 82036K, committed 83648K, reserved 1179648K
  class space    used 10032K, committed 10752K, reserved 1048576K
}
Event: 47.921 GC heap after
{Heap after GC invocations=86 (full 3):
 PSYoungGen      total 16896K, used 992K [0x00000000d5580000, 0x00000000d6800000, 0x0000000100000000)
  eden space 15872K, 0% used [0x00000000d5580000,0x00000000d5580000,0x00000000d6500000)
  from space 1024K, 96% used [0x00000000d6680000,0x00000000d6778040,0x00000000d6780000)
  to   space 512K, 0% used [0x00000000d6780000,0x00000000d6780000,0x00000000d6800000)
 ParOldGen       total 69632K, used 69520K [0x0000000080000000, 0x0000000084400000, 0x00000000d5580000)
  object space 69632K, 99% used [0x0000000080000000,0x00000000843e43d0,0x0000000084400000)
 Metaspace       used 82036K, committed 83648K, reserved 1179648K
  class space    used 10032K, committed 10752K, reserved 1048576K
}
Event: 48.833 GC heap before
{Heap before GC invocations=87 (full 3):
 PSYoungGen      total 16896K, used 16864K [0x00000000d5580000, 0x00000000d6800000, 0x0000000100000000)
  eden space 15872K, 100% used [0x00000000d5580000,0x00000000d6500000,0x00000000d6500000)
  from space 1024K, 96% used [0x00000000d6680000,0x00000000d6778040,0x00000000d6780000)
  to   space 512K, 0% used [0x00000000d6780000,0x00000000d6780000,0x00000000d6800000)
 ParOldGen       total 69632K, used 69520K [0x0000000080000000, 0x0000000084400000, 0x00000000d5580000)
  object space 69632K, 99% used [0x0000000080000000,0x00000000843e43d0,0x0000000084400000)
 Metaspace       used 82966K, committed 84608K, reserved 1179648K
  class space    used 10140K, committed 10880K, reserved 1048576K
}
Event: 48.834 GC heap after
{Heap after GC invocations=87 (full 3):
 PSYoungGen      total 16384K, used 484K [0x00000000d5580000, 0x00000000d6a00000, 0x0000000100000000)
  eden space 15872K, 0% used [0x00000000d5580000,0x00000000d5580000,0x00000000d6500000)
  from space 512K, 94% used [0x00000000d6780000,0x00000000d67f9378,0x00000000d6800000)
  to   space 2560K, 0% used [0x00000000d6500000,0x00000000d6500000,0x00000000d6780000)
 ParOldGen       total 71168K, used 70953K [0x0000000080000000, 0x0000000084580000, 0x00000000d5580000)
  object space 71168K, 99% used [0x0000000080000000,0x000000008454a670,0x0000000084580000)
 Metaspace       used 82966K, committed 84608K, reserved 1179648K
  class space    used 10140K, committed 10880K, reserved 1048576K
}

