# JRE version: OpenJDK Runtime Environment Temurin-21.0.10+7 (21.0.10+7) (build 21.0.10+7-LTS)
# Java VM: OpenJDK 64-Bit Server VM Temurin-21.0.10+7 (21.0.10+7-LTS, mixed mode, sharing, tiered, compressed oops, compressed class ptrs, parallel gc, windows-amd64)
GC Precious Log:
 CardTable entry size: 512
 CPUs: 16 total, 16 available
 Memory: 32557M
 Large Page Support: Disabled
 NUMA Support: Disabled
 Compressed Oops: Enabled (32-bit)
 Alignments: Space 512K, Generation 512K, Heap 2M
 Heap Min Capacity: 100M
 Heap Initial Capacity: 100M
 Heap Max Capacity: 2G
 Pre-touch: Disabled
 Parallel Workers: 13
Heap:
 PSYoungGen      total 11776K, used 1232K [0x00000000d5580000, 0x00000000d6300000, 0x0000000100000000)
  eden space 10752K, 2% used [0x00000000d5580000,0x00000000d55b83a8,0x00000000d6000000)
  from space 1024K, 98% used [0x00000000d6000000,0x00000000d60fc040,0x00000000d6100000)
  to   space 1536K, 0% used [0x00000000d6180000,0x00000000d6180000,0x00000000d6300000)
 ParOldGen       total 71168K, used 70872K [0x0000000080000000, 0x0000000084580000, 0x00000000d5580000)
  object space 71168K, 99% used [0x0000000080000000,0x0000000084536378,0x0000000084580000)
 Metaspace       used 77885K, committed 79424K, reserved 1179648K
  class space    used 9416K, committed 10048K, reserved 1048576K
GC Heap History (20 events):
Event: 26.281 GC heap before
{Heap before GC invocations=85 (full 3):
 PSYoungGen      total 12288K, used 11794K [0x00000000d5580000, 0x00000000d6300000, 0x0000000100000000)
  eden space 10752K, 99% used [0x00000000d5580000,0x00000000d5fff098,0x00000000d6000000)
  from space 1536K, 68% used [0x00000000d6080000,0x00000000d61859e8,0x00000000d6200000)
  to   space 1024K, 0% used [0x00000000d6200000,0x00000000d6200000,0x00000000d6300000)
 ParOldGen       total 68608K, used 65431K [0x0000000080000000, 0x0000000084300000, 0x00000000d5580000)
  object space 68608K, 95% used [0x0000000080000000,0x0000000083fe5eb8,0x0000000084300000)
 Metaspace       used 71728K, committed 73280K, reserved 1114112K
  class space    used 8915K, committed 9600K, reserved 1048576K
}
Event: 26.281 GC heap after
{Heap after GC invocations=85 (full 3):
 PSYoungGen      total 11264K, used 192K [0x00000000d5580000, 0x00000000d6280000, 0x0000000100000000)
  eden space 10752K, 0% used [0x00000000d5580000,0x00000000d5580000,0x00000000d6000000)
  from space 512K, 37% used [0x00000000d6200000,0x00000000d6230000,0x00000000d6280000)
  to   space 512K, 0% used [0x00000000d6180000,0x00000000d6180000,0x00000000d6200000)
 ParOldGen       total 68608K, used 65463K [0x0000000080000000, 0x0000000084300000, 0x00000000d5580000)
  object space 68608K, 95% used [0x0000000080000000,0x0000000083fedeb8,0x0000000084300000)
 Metaspace       used 71728K, committed 73280K, reserved 1114112K
  class space    used 8915K, committed 9600K, reserved 1048576K
}
Event: 26.431 GC heap before
{Heap before GC invocations=86 (full 3):
 PSYoungGen      total 11264K, used 10944K [0x00000000d5580000, 0x00000000d6280000, 0x0000000100000000)
  eden space 10752K, 100% used [0x00000000d5580000,0x00000000d6000000,0x00000000d6000000)
  from space 512K, 37% used [0x00000000d6200000,0x00000000d6230000,0x00000000d6280000)
  to   space 512K, 0% used [0x00000000d6180000,0x00000000d6180000,0x00000000d6200000)
 ParOldGen       total 68608K, used 65463K [0x0000000080000000, 0x0000000084300000, 0x00000000d5580000)
  object space 68608K, 95% used [0x0000000080000000,0x0000000083fedeb8,0x0000000084300000)
 Metaspace       used 73659K, committed 75200K, reserved 1179648K
  class space    used 9089K, committed 9728K, reserved 1048576K
}
Event: 26.431 GC heap after
{Heap after GC invocations=86 (full 3):
 PSYoungGen      total 11264K, used 501K [0x00000000d5580000, 0x00000000d6280000, 0x0000000100000000)
  eden space 10752K, 0% used [0x00000000d5580000,0x00000000d5580000,0x00000000d6000000)
  from space 512K, 97% used [0x00000000d6180000,0x00000000d61fd4c0,0x00000000d6200000)
  to   space 512K, 0% used [0x00000000d6200000,0x00000000d6200000,0x00000000d6280000)
 ParOldGen       total 68608K, used 65683K [0x0000000080000000, 0x0000000084300000, 0x00000000d5580000)
  object space 68608K, 95% used [0x0000000080000000,0x0000000084024f78,0x0000000084300000)
 Metaspace       used 73659K, committed 75200K, reserved 1179648K
  class space    used 9089K, committed 9728K, reserved 1048576K
}
Event: 26.581 GC heap before
{Heap before GC invocations=87 (full 3):
 PSYoungGen      total 11264K, used 11253K [0x00000000d5580000, 0x00000000d6280000, 0x0000000100000000)
  eden space 10752K, 100% used [0x00000000d5580000,0x00000000d6000000,0x00000000d6000000)
  from space 512K, 97% used [0x00000000d6180000,0x00000000d61fd4c0,0x00000000d6200000)
  to   space 512K, 0% used [0x00000000d6200000,0x00000000d6200000,0x00000000d6280000)
 ParOldGen       total 68608K, used 65683K [0x0000000080000000, 0x0000000084300000, 0x00000000d5580000)
  object space 68608K, 95% used [0x0000000080000000,0x0000000084024fe0,0x0000000084300000)
 Metaspace       used 74136K, committed 75584K, reserved 1179648K
  class space    used 9129K, committed 9792K, reserved 1048576K
}
Event: 26.582 GC heap after
{Heap after GC invocations=87 (full 3):
 PSYoungGen      total 11264K, used 507K [0x00000000d5580000, 0x00000000d6400000, 0x0000000100000000)
  eden space 10752K, 0% used [0x00000000d5580000,0x00000000d5580000,0x00000000d6000000)
  from space 512K, 99% used [0x00000000d6200000,0x00000000d627ef78,0x00000000d6280000)
  to   space 2048K, 0% used [0x00000000d6000000,0x00000000d6000000,0x00000000d6200000)
 ParOldGen       total 68608K, used 66871K [0x0000000080000000, 0x0000000084300000, 0x00000000d5580000)
  object space 68608K, 97% used [0x0000000080000000,0x000000008414def0,0x0000000084300000)
 Metaspace       used 74136K, committed 75584K, reserved 1179648K
  class space    used 9129K, committed 9792K, reserved 1048576K
}
Event: 26.706 GC heap before
{Heap before GC invocations=88 (full 3):
 PSYoungGen      total 11264K, used 11259K [0x00000000d5580000, 0x00000000d6400000, 0x0000000100000000)
  eden space 10752K, 100% used [0x00000000d5580000,0x00000000d6000000,0x00000000d6000000)
  from space 512K, 99% used [0x00000000d6200000,0x00000000d627ef78,0x00000000d6280000)
  to   space 2048K, 0% used [0x00000000d6000000,0x00000000d6000000,0x00000000d6200000)
 ParOldGen       total 68608K, used 66899K [0x0000000080000000, 0x0000000084300000, 0x00000000d5580000)
  object space 68608K, 97% used [0x0000000080000000,0x0000000084154c70,0x0000000084300000)
 Metaspace       used 74760K, committed 76224K, reserved 1179648K
  class space    used 9184K, committed 9792K, reserved 1048576K
}
Event: 26.708 GC heap after
{Heap after GC invocations=88 (full 3):
 PSYoungGen      total 12288K, used 1232K [0x00000000d5580000, 0x00000000d6300000, 0x0000000100000000)
  eden space 10752K, 0% used [0x00000000d5580000,0x00000000d5580000,0x00000000d6000000)
  from space 1536K, 80% used [0x00000000d6000000,0x00000000d6134070,0x00000000d6180000)
  to   space 1536K, 0% used [0x00000000d6180000,0x00000000d6180000,0x00000000d6300000)
 ParOldGen       total 68608K, used 67199K [0x0000000080000000, 0x0000000084300000, 0x00000000d5580000)
  object space 68608K, 97% used [0x0000000080000000,0x000000008419fc80,0x0000000084300000)
 Metaspace       used 74760K, committed 76224K, reserved 1179648K
  class space    used 9184K, committed 9792K, reserved 1048576K
}
Event: 27.703 GC heap before
{Heap before GC invocations=89 (full 3):
 PSYoungGen      total 12288K, used 11984K [0x00000000d5580000, 0x00000000d6300000, 0x0000000100000000)
  eden space 10752K, 99% used [0x00000000d5580000,0x00000000d5ffffe8,0x00000000d6000000)
  from space 1536K, 80% used [0x00000000d6000000,0x00000000d6134070,0x00000000d6180000)
  to   space 1536K, 0% used [0x00000000d6180000,0x00000000d6180000,0x00000000d6300000)
 ParOldGen       total 68608K, used 67199K [0x0000000080000000, 0x0000000084300000, 0x00000000d5580000)
  object space 68608K, 97% used [0x0000000080000000,0x000000008419fc80,0x0000000084300000)
 Metaspace       used 75682K, committed 77184K, reserved 1179648K
  class space    used 9281K, committed 9920K, reserved 1048576K
}
Event: 27.704 GC heap after
{Heap after GC invocations=89 (full 3):
 PSYoungGen      total 11776K, used 800K [0x00000000d5580000, 0x00000000d6280000, 0x0000000100000000)
  eden space 10752K, 0% used [0x00000000d5580000,0x00000000d5580000,0x00000000d6000000)
  from space 1024K, 78% used [0x00000000d6180000,0x00000000d6248000,0x00000000d6280000)
  to   space 1024K, 0% used [0x00000000d6080000,0x00000000d6080000,0x00000000d6180000)
 ParOldGen       total 68608K, used 68244K [0x0000000080000000, 0x0000000084300000, 0x00000000d5580000)
  object space 68608K, 99% used [0x0000000080000000,0x00000000842a5138,0x0000000084300000)
 Metaspace       used 75682K, committed 77184K, reserved 1179648K
  class space    used 9281K, committed 9920K, reserved 1048576K
}
Event: 27.860 GC heap before
{Heap before GC invocations=90 (full 3):
 PSYoungGen      total 11776K, used 11552K [0x00000000d5580000, 0x00000000d6280000, 0x0000000100000000)
  eden space 10752K, 100% used [0x00000000d5580000,0x00000000d6000000,0x00000000d6000000)
  from space 1024K, 78% used [0x00000000d6180000,0x00000000d6248000,0x00000000d6280000)
  to   space 1024K, 0% used [0x00000000d6080000,0x00000000d6080000,0x00000000d6180000)
 ParOldGen       total 68608K, used 68244K [0x0000000080000000, 0x0000000084300000, 0x00000000d5580000)
  object space 68608K, 99% used [0x0000000080000000,0x00000000842a5138,0x0000000084300000)
 Metaspace       used 76670K, committed 78144K, reserved 1179648K
  class space    used 9378K, committed 9984K, reserved 1048576K
}
Event: 27.861 GC heap after
{Heap after GC invocations=90 (full 3):
 PSYoungGen      total 11776K, used 849K [0x00000000d5580000, 0x00000000d6200000, 0x0000000100000000)
  eden space 10752K, 0% used [0x00000000d5580000,0x00000000d5580000,0x00000000d6000000)
  from space 1024K, 82% used [0x00000000d6080000,0x00000000d61544f0,0x00000000d6180000)
  to   space 512K, 0% used [0x00000000d6180000,0x00000000d6180000,0x00000000d6200000)
 ParOldGen       total 68608K, used 68575K [0x0000000080000000, 0x0000000084300000, 0x00000000d5580000)
  object space 68608K, 99% used [0x0000000080000000,0x00000000842f7c38,0x0000000084300000)
 Metaspace       used 76670K, committed 78144K, reserved 1179648K
  class space    used 9378K, committed 9984K, reserved 1048576K
}
Event: 28.038 GC heap before
{Heap before GC invocations=91 (full 3):
 PSYoungGen      total 11776K, used 11601K [0x00000000d5580000, 0x00000000d6200000, 0x0000000100000000)
  eden space 10752K, 100% used [0x00000000d5580000,0x00000000d6000000,0x00000000d6000000)
  from space 1024K, 82% used [0x00000000d6080000,0x00000000d61544f0,0x00000000d6180000)
  to   space 512K, 0% used [0x00000000d6180000,0x00000000d6180000,0x00000000d6200000)
 ParOldGen       total 68608K, used 68575K [0x0000000080000000, 0x0000000084300000, 0x00000000d5580000)
  object space 68608K, 99% used [0x0000000080000000,0x00000000842f7c38,0x0000000084300000)
 Metaspace       used 77080K, committed 78656K, reserved 1179648K
  class space    used 9395K, committed 10048K, reserved 1048576K
}
Event: 28.038 GC heap after
{Heap after GC invocations=91 (full 3):
 PSYoungGen      total 11264K, used 512K [0x00000000d5580000, 0x00000000d6300000, 0x0000000100000000)
  eden space 10752K, 0% used [0x00000000d5580000,0x00000000d5580000,0x00000000d6000000)
  from space 512K, 100% used [0x00000000d6180000,0x00000000d6200000,0x00000000d6200000)
  to   space 1536K, 0% used [0x00000000d6000000,0x00000000d6000000,0x00000000d6180000)
 ParOldGen       total 69632K, used 69397K [0x0000000080000000, 0x0000000084400000, 0x00000000d5580000)
  object space 69632K, 99% used [0x0000000080000000,0x00000000843c5640,0x0000000084400000)
 Metaspace       used 77080K, committed 78656K, reserved 1179648K
  class space    used 9395K, committed 10048K, reserved 1048576K
}
Event: 28.199 GC heap before
{Heap before GC invocations=92 (full 3):
 PSYoungGen      total 11264K, used 11263K [0x00000000d5580000, 0x00000000d6300000, 0x0000000100000000)
  eden space 10752K, 99% used [0x00000000d5580000,0x00000000d5fffff8,0x00000000d6000000)
  from space 512K, 100% used [0x00000000d6180000,0x00000000d6200000,0x00000000d6200000)
  to   space 1536K, 0% used [0x00000000d6000000,0x00000000d6000000,0x00000000d6180000)
 ParOldGen       total 69632K, used 69397K [0x0000000080000000, 0x0000000084400000, 0x00000000d5580000)
  object space 69632K, 99% used [0x0000000080000000,0x00000000843c5640,0x0000000084400000)
 Metaspace       used 77467K, committed 79040K, reserved 1179648K
  class space    used 9404K, committed 10048K, reserved 1048576K
}
Event: 28.200 GC heap after
{Heap after GC invocations=92 (full 3):
 PSYoungGen      total 11776K, used 819K [0x00000000d5580000, 0x00000000d6200000, 0x0000000100000000)
  eden space 10752K, 0% used [0x00000000d5580000,0x00000000d5580000,0x00000000d6000000)
  from space 1024K, 80% used [0x00000000d6000000,0x00000000d60ccfb0,0x00000000d6100000)
  to   space 1024K, 0% used [0x00000000d6100000,0x00000000d6100000,0x00000000d6200000)
 ParOldGen       total 70144K, used 69916K [0x0000000080000000, 0x0000000084480000, 0x00000000d5580000)
  object space 70144K, 99% used [0x0000000080000000,0x00000000844470f8,0x0000000084480000)
 Metaspace       used 77467K, committed 79040K, reserved 1179648K
  class space    used 9404K, committed 10048K, reserved 1048576K
}
Event: 28.309 GC heap before
{Heap before GC invocations=93 (full 3):
 PSYoungGen      total 11776K, used 11571K [0x00000000d5580000, 0x00000000d6200000, 0x0000000100000000)
  eden space 10752K, 100% used [0x00000000d5580000,0x00000000d6000000,0x00000000d6000000)
  from space 1024K, 80% used [0x00000000d6000000,0x00000000d60ccfb0,0x00000000d6100000)
  to   space 1024K, 0% used [0x00000000d6100000,0x00000000d6100000,0x00000000d6200000)
 ParOldGen       total 70144K, used 69916K [0x0000000080000000, 0x0000000084480000, 0x00000000d5580000)
  object space 70144K, 99% used [0x0000000080000000,0x00000000844470f8,0x0000000084480000)
 Metaspace       used 77587K, committed 79104K, reserved 1179648K
  class space    used 9407K, committed 10048K, reserved 1048576K
}
Event: 28.310 GC heap after
{Heap after GC invocations=93 (full 3):
 PSYoungGen      total 11776K, used 640K [0x00000000d5580000, 0x00000000d6200000, 0x0000000100000000)
  eden space 10752K, 0% used [0x00000000d5580000,0x00000000d5580000,0x00000000d6000000)
  from space 1024K, 62% used [0x00000000d6100000,0x00000000d61a0000,0x00000000d6200000)
  to   space 1024K, 0% used [0x00000000d6000000,0x00000000d6000000,0x00000000d6100000)
 ParOldGen       total 70656K, used 70544K [0x0000000080000000, 0x0000000084500000, 0x00000000d5580000)
  object space 70656K, 99% used [0x0000000080000000,0x00000000844e4378,0x0000000084500000)
 Metaspace       used 77587K, committed 79104K, reserved 1179648K
  class space    used 9407K, committed 10048K, reserved 1048576K
}
Event: 31.131 GC heap before
{Heap before GC invocations=94 (full 3):
 PSYoungGen      total 11776K, used 11392K [0x00000000d5580000, 0x00000000d6200000, 0x0000000100000000)
  eden space 10752K, 100% used [0x00000000d5580000,0x00000000d6000000,0x00000000d6000000)
  from space 1024K, 62% used [0x00000000d6100000,0x00000000d61a0000,0x00000000d6200000)
  to   space 1024K, 0% used [0x00000000d6000000,0x00000000d6000000,0x00000000d6100000)
 ParOldGen       total 70656K, used 70544K [0x0000000080000000, 0x0000000084500000, 0x00000000d5580000)
  object space 70656K, 99% used [0x0000000080000000,0x00000000844e4378,0x0000000084500000)
 Metaspace       used 77811K, committed 79360K, reserved 1179648K
  class space    used 9413K, committed 10048K, reserved 1048576K
}
Event: 31.133 GC heap after
{Heap after GC invocations=94 (full 3):
 PSYoungGen      total 11776K, used 1008K [0x00000000d5580000, 0x00000000d6300000, 0x0000000100000000)
  eden space 10752K, 0% used [0x00000000d5580000,0x00000000d5580000,0x00000000d6000000)
  from space 1024K, 98% used [0x00000000d6000000,0x00000000d60fc040,0x00000000d6100000)
  to   space 1536K, 0% used [0x00000000d6180000,0x00000000d6180000,0x00000000d6300000)
 ParOldGen       total 71168K, used 70872K [0x0000000080000000, 0x0000000084580000, 0x00000000d5580000)
  object space 71168K, 99% used [0x0000000080000000,0x0000000084536378,0x0000000084580000)
 Metaspace       used 77811K, committed 79360K, reserved 1179648K
  class space    used 9413K, committed 10048K, reserved 1048576K
}

