# JRE version: OpenJDK Runtime Environment Temurin-21.0.11+10 (21.0.11+10) (build 21.0.11+10-LTS)
# Java VM: OpenJDK 64-Bit Server VM Temurin-21.0.11+10 (21.0.11+10-LTS, mixed mode, sharing, tiered, compressed oops, compressed class ptrs, parallel gc, windows-amd64)
GC Precious Log:
 CardTable entry size: 512
 CPUs: 8 total, 8 available
 Memory: 8088M
 Large Page Support: Disabled
 NUMA Support: Disabled
 Compressed Oops: Enabled (32-bit)
 Alignments: Space 512K, Generation 512K, Heap 2M
 Heap Min Capacity: 100M
 Heap Initial Capacity: 100M
 Heap Max Capacity: 2G
 Pre-touch: Disabled
 Parallel Workers: 8
Heap:
 PSYoungGen      total 17920K, used 7676K [0x00000000d5580000, 0x00000000d6b80000, 0x0000000100000000)
  eden space 16896K, 43% used [0x00000000d5580000,0x00000000d5cbf3a0,0x00000000d6600000)
  from space 1024K, 25% used [0x00000000d6980000,0x00000000d69c0000,0x00000000d6a80000)
  to   space 512K, 0% used [0x00000000d6b00000,0x00000000d6b00000,0x00000000d6b80000)
 ParOldGen       total 68608K, used 64643K [0x0000000080000000, 0x0000000084300000, 0x00000000d5580000)
  object space 68608K, 94% used [0x0000000080000000,0x0000000083f20cd8,0x0000000084300000)
 Metaspace       used 73868K, committed 75456K, reserved 1179648K
  class space    used 8530K, committed 9216K, reserved 1048576K
GC Heap History (20 events):
Event: 1616.157 GC heap before
{Heap before GC invocations=41 (full 3):
 PSYoungGen      total 23040K, used 22227K [0x00000000d5580000, 0x00000000d6e00000, 0x0000000100000000)
  eden space 22016K, 99% used [0x00000000d5580000,0x00000000d6afcee0,0x00000000d6b00000)
  from space 1024K, 21% used [0x00000000d6c80000,0x00000000d6cb8000,0x00000000d6d80000)
  to   space 512K, 0% used [0x00000000d6d80000,0x00000000d6d80000,0x00000000d6e00000)
 ParOldGen       total 68608K, used 55555K [0x0000000080000000, 0x0000000084300000, 0x00000000d5580000)
  object space 68608K, 80% used [0x0000000080000000,0x0000000083640cd0,0x0000000084300000)
 Metaspace       used 63880K, committed 65344K, reserved 1114112K
  class space    used 7551K, committed 8192K, reserved 1048576K
}
Event: 1616.186 GC heap after
{Heap after GC invocations=41 (full 3):
 PSYoungGen      total 22528K, used 474K [0x00000000d5580000, 0x00000000d6e00000, 0x0000000100000000)
  eden space 22016K, 0% used [0x00000000d5580000,0x00000000d5580000,0x00000000d6b00000)
  from space 512K, 92% used [0x00000000d6d80000,0x00000000d6df6a60,0x00000000d6e00000)
  to   space 1024K, 0% used [0x00000000d6c00000,0x00000000d6c00000,0x00000000d6d00000)
 ParOldGen       total 68608K, used 55603K [0x0000000080000000, 0x0000000084300000, 0x00000000d5580000)
  object space 68608K, 81% used [0x0000000080000000,0x000000008364ccd0,0x0000000084300000)
 Metaspace       used 63880K, committed 65344K, reserved 1114112K
  class space    used 7551K, committed 8192K, reserved 1048576K
}
Event: 1617.110 GC heap before
{Heap before GC invocations=42 (full 3):
 PSYoungGen      total 22528K, used 22441K [0x00000000d5580000, 0x00000000d6e00000, 0x0000000100000000)
  eden space 22016K, 99% used [0x00000000d5580000,0x00000000d6af3c30,0x00000000d6b00000)
  from space 512K, 92% used [0x00000000d6d80000,0x00000000d6df6a60,0x00000000d6e00000)
  to   space 1024K, 0% used [0x00000000d6c00000,0x00000000d6c00000,0x00000000d6d00000)
 ParOldGen       total 68608K, used 55603K [0x0000000080000000, 0x0000000084300000, 0x00000000d5580000)
  object space 68608K, 81% used [0x0000000080000000,0x000000008364ccd0,0x0000000084300000)
 Metaspace       used 65609K, committed 67136K, reserved 1114112K
  class space    used 7789K, committed 8448K, reserved 1048576K
}
Event: 1617.113 GC heap after
{Heap after GC invocations=42 (full 3):
 PSYoungGen      total 23040K, used 728K [0x00000000d5580000, 0x00000000d6e00000, 0x0000000100000000)
  eden space 22016K, 0% used [0x00000000d5580000,0x00000000d5580000,0x00000000d6b00000)
  from space 1024K, 71% used [0x00000000d6c00000,0x00000000d6cb6308,0x00000000d6d00000)
  to   space 1024K, 0% used [0x00000000d6d00000,0x00000000d6d00000,0x00000000d6e00000)
 ParOldGen       total 68608K, used 55935K [0x0000000080000000, 0x0000000084300000, 0x00000000d5580000)
  object space 68608K, 81% used [0x0000000080000000,0x000000008369ffd8,0x0000000084300000)
 Metaspace       used 65609K, committed 67136K, reserved 1114112K
  class space    used 7789K, committed 8448K, reserved 1048576K
}
Event: 1617.603 GC heap before
{Heap before GC invocations=43 (full 3):
 PSYoungGen      total 23040K, used 22633K [0x00000000d5580000, 0x00000000d6e00000, 0x0000000100000000)
  eden space 22016K, 99% used [0x00000000d5580000,0x00000000d6ae4368,0x00000000d6b00000)
  from space 1024K, 71% used [0x00000000d6c00000,0x00000000d6cb6308,0x00000000d6d00000)
  to   space 1024K, 0% used [0x00000000d6d00000,0x00000000d6d00000,0x00000000d6e00000)
 ParOldGen       total 68608K, used 55935K [0x0000000080000000, 0x0000000084300000, 0x00000000d5580000)
  object space 68608K, 81% used [0x0000000080000000,0x000000008369ffd8,0x0000000084300000)
 Metaspace       used 67443K, committed 68928K, reserved 1114112K
  class space    used 7932K, committed 8576K, reserved 1048576K
}
Event: 1617.607 GC heap after
{Heap after GC invocations=43 (full 3):
 PSYoungGen      total 22528K, used 1018K [0x00000000d5580000, 0x00000000d7000000, 0x0000000100000000)
  eden space 21504K, 0% used [0x00000000d5580000,0x00000000d5580000,0x00000000d6a80000)
  from space 1024K, 99% used [0x00000000d6d00000,0x00000000d6dfebb0,0x00000000d6e00000)
  to   space 2560K, 0% used [0x00000000d6a80000,0x00000000d6a80000,0x00000000d6d00000)
 ParOldGen       total 68608K, used 57197K [0x0000000080000000, 0x0000000084300000, 0x00000000d5580000)
  object space 68608K, 83% used [0x0000000080000000,0x00000000837db578,0x0000000084300000)
 Metaspace       used 67443K, committed 68928K, reserved 1114112K
  class space    used 7932K, committed 8576K, reserved 1048576K
}
Event: 1617.686 GC heap before
{Heap before GC invocations=44 (full 3):
 PSYoungGen      total 22528K, used 22522K [0x00000000d5580000, 0x00000000d7000000, 0x0000000100000000)
  eden space 21504K, 100% used [0x00000000d5580000,0x00000000d6a80000,0x00000000d6a80000)
  from space 1024K, 99% used [0x00000000d6d00000,0x00000000d6dfebb0,0x00000000d6e00000)
  to   space 2560K, 0% used [0x00000000d6a80000,0x00000000d6a80000,0x00000000d6d00000)
 ParOldGen       total 68608K, used 57197K [0x0000000080000000, 0x0000000084300000, 0x00000000d5580000)
  object space 68608K, 83% used [0x0000000080000000,0x00000000837db578,0x0000000084300000)
 Metaspace       used 67472K, committed 68928K, reserved 1114112K
  class space    used 7932K, committed 8576K, reserved 1048576K
}
Event: 1617.690 GC heap after
{Heap after GC invocations=44 (full 3):
 PSYoungGen      total 22528K, used 937K [0x00000000d5580000, 0x00000000d6d80000, 0x0000000100000000)
  eden space 21504K, 0% used [0x00000000d5580000,0x00000000d5580000,0x00000000d6a80000)
  from space 1024K, 91% used [0x00000000d6a80000,0x00000000d6b6a6d8,0x00000000d6b80000)
  to   space 1536K, 0% used [0x00000000d6c00000,0x00000000d6c00000,0x00000000d6d80000)
 ParOldGen       total 68608K, used 57946K [0x0000000080000000, 0x0000000084300000, 0x00000000d5580000)
  object space 68608K, 84% used [0x0000000080000000,0x0000000083896bc8,0x0000000084300000)
 Metaspace       used 67472K, committed 68928K, reserved 1114112K
  class space    used 7932K, committed 8576K, reserved 1048576K
}
Event: 1617.979 GC heap before
{Heap before GC invocations=45 (full 3):
 PSYoungGen      total 22528K, used 22441K [0x00000000d5580000, 0x00000000d6d80000, 0x0000000100000000)
  eden space 21504K, 100% used [0x00000000d5580000,0x00000000d6a80000,0x00000000d6a80000)
  from space 1024K, 91% used [0x00000000d6a80000,0x00000000d6b6a6d8,0x00000000d6b80000)
  to   space 1536K, 0% used [0x00000000d6c00000,0x00000000d6c00000,0x00000000d6d80000)
 ParOldGen       total 68608K, used 57946K [0x0000000080000000, 0x0000000084300000, 0x00000000d5580000)
  object space 68608K, 84% used [0x0000000080000000,0x0000000083896bc8,0x0000000084300000)
 Metaspace       used 69121K, committed 70592K, reserved 1114112K
  class space    used 8096K, committed 8704K, reserved 1048576K
}
Event: 1617.980 GC heap after
{Heap after GC invocations=45 (full 3):
 PSYoungGen      total 22016K, used 448K [0x00000000d5580000, 0x00000000d6c80000, 0x0000000100000000)
  eden space 21504K, 0% used [0x00000000d5580000,0x00000000d5580000,0x00000000d6a80000)
  from space 512K, 87% used [0x00000000d6c00000,0x00000000d6c70000,0x00000000d6c80000)
  to   space 1024K, 0% used [0x00000000d6a80000,0x00000000d6a80000,0x00000000d6b80000)
 ParOldGen       total 68608K, used 57962K [0x0000000080000000, 0x0000000084300000, 0x00000000d5580000)
  object space 68608K, 84% used [0x0000000080000000,0x000000008389abc8,0x0000000084300000)
 Metaspace       used 69121K, committed 70592K, reserved 1114112K
  class space    used 8096K, committed 8704K, reserved 1048576K
}
Event: 1619.036 GC heap before
{Heap before GC invocations=46 (full 3):
 PSYoungGen      total 22016K, used 21952K [0x00000000d5580000, 0x00000000d6c80000, 0x0000000100000000)
  eden space 21504K, 100% used [0x00000000d5580000,0x00000000d6a80000,0x00000000d6a80000)
  from space 512K, 87% used [0x00000000d6c00000,0x00000000d6c70000,0x00000000d6c80000)
  to   space 1024K, 0% used [0x00000000d6a80000,0x00000000d6a80000,0x00000000d6b80000)
 ParOldGen       total 68608K, used 57962K [0x0000000080000000, 0x0000000084300000, 0x00000000d5580000)
  object space 68608K, 84% used [0x0000000080000000,0x000000008389abc8,0x0000000084300000)
 Metaspace       used 71708K, committed 73216K, reserved 1114112K
  class space    used 8334K, committed 8960K, reserved 1048576K
}
Event: 1619.039 GC heap after
{Heap after GC invocations=46 (full 3):
 PSYoungGen      total 22528K, used 1009K [0x00000000d5580000, 0x00000000d6f80000, 0x0000000100000000)
  eden space 21504K, 0% used [0x00000000d5580000,0x00000000d5580000,0x00000000d6a80000)
  from space 1024K, 98% used [0x00000000d6a80000,0x00000000d6b7c588,0x00000000d6b80000)
  to   space 2560K, 0% used [0x00000000d6d00000,0x00000000d6d00000,0x00000000d6f80000)
 ParOldGen       total 68608K, used 58828K [0x0000000080000000, 0x0000000084300000, 0x00000000d5580000)
  object space 68608K, 85% used [0x0000000080000000,0x00000000839730e0,0x0000000084300000)
 Metaspace       used 71708K, committed 73216K, reserved 1114112K
  class space    used 8334K, committed 8960K, reserved 1048576K
}
Event: 1698.311 GC heap before
{Heap before GC invocations=47 (full 3):
 PSYoungGen      total 22528K, used 22513K [0x00000000d5580000, 0x00000000d6f80000, 0x0000000100000000)
  eden space 21504K, 100% used [0x00000000d5580000,0x00000000d6a80000,0x00000000d6a80000)
  from space 1024K, 98% used [0x00000000d6a80000,0x00000000d6b7c588,0x00000000d6b80000)
  to   space 2560K, 0% used [0x00000000d6d00000,0x00000000d6d00000,0x00000000d6f80000)
 ParOldGen       total 68608K, used 58828K [0x0000000080000000, 0x0000000084300000, 0x00000000d5580000)
  object space 68608K, 85% used [0x0000000080000000,0x00000000839730e0,0x0000000084300000)
 Metaspace       used 73485K, committed 75072K, reserved 1179648K
  class space    used 8516K, committed 9152K, reserved 1048576K
}
Event: 1698.321 GC heap after
{Heap after GC invocations=47 (full 3):
 PSYoungGen      total 19456K, used 2546K [0x00000000d5580000, 0x00000000d7880000, 0x0000000100000000)
  eden space 16896K, 0% used [0x00000000d5580000,0x00000000d5580000,0x00000000d6600000)
  from space 2560K, 99% used [0x00000000d6d00000,0x00000000d6f7cba0,0x00000000d6f80000)
  to   space 7168K, 0% used [0x00000000d6600000,0x00000000d6600000,0x00000000d6d00000)
 ParOldGen       total 68608K, used 62307K [0x0000000080000000, 0x0000000084300000, 0x00000000d5580000)
  object space 68608K, 90% used [0x0000000080000000,0x0000000083cd8d10,0x0000000084300000)
 Metaspace       used 73485K, committed 75072K, reserved 1179648K
  class space    used 8516K, committed 9152K, reserved 1048576K
}
Event: 6423.238 GC heap before
{Heap before GC invocations=48 (full 3):
 PSYoungGen      total 19456K, used 19442K [0x00000000d5580000, 0x00000000d7880000, 0x0000000100000000)
  eden space 16896K, 100% used [0x00000000d5580000,0x00000000d6600000,0x00000000d6600000)
  from space 2560K, 99% used [0x00000000d6d00000,0x00000000d6f7cba0,0x00000000d6f80000)
  to   space 7168K, 0% used [0x00000000d6600000,0x00000000d6600000,0x00000000d6d00000)
 ParOldGen       total 68608K, used 62307K [0x0000000080000000, 0x0000000084300000, 0x00000000d5580000)
  object space 68608K, 90% used [0x0000000080000000,0x0000000083cd8d10,0x0000000084300000)
 Metaspace       used 73644K, committed 75200K, reserved 1179648K
  class space    used 8524K, committed 9152K, reserved 1048576K
}
Event: 6423.271 GC heap after
{Heap after GC invocations=48 (full 3):
 PSYoungGen      total 17408K, used 256K [0x00000000d5580000, 0x00000000d6d80000, 0x0000000100000000)
  eden space 16896K, 0% used [0x00000000d5580000,0x00000000d5580000,0x00000000d6600000)
  from space 512K, 50% used [0x00000000d6600000,0x00000000d6640000,0x00000000d6680000)
  to   space 2560K, 0% used [0x00000000d6b00000,0x00000000d6b00000,0x00000000d6d80000)
 ParOldGen       total 68608K, used 64467K [0x0000000080000000, 0x0000000084300000, 0x00000000d5580000)
  object space 68608K, 93% used [0x0000000080000000,0x0000000083ef4cd8,0x0000000084300000)
 Metaspace       used 73644K, committed 75200K, reserved 1179648K
  class space    used 8524K, committed 9152K, reserved 1048576K
}
Event: 7372.042 GC heap before
{Heap before GC invocations=49 (full 3):
 PSYoungGen      total 17408K, used 17152K [0x00000000d5580000, 0x00000000d6d80000, 0x0000000100000000)
  eden space 16896K, 100% used [0x00000000d5580000,0x00000000d6600000,0x00000000d6600000)
  from space 512K, 50% used [0x00000000d6600000,0x00000000d6640000,0x00000000d6680000)
  to   space 2560K, 0% used [0x00000000d6b00000,0x00000000d6b00000,0x00000000d6d80000)
 ParOldGen       total 68608K, used 64467K [0x0000000080000000, 0x0000000084300000, 0x00000000d5580000)
  object space 68608K, 93% used [0x0000000080000000,0x0000000083ef4cd8,0x0000000084300000)
 Metaspace       used 73821K, committed 75392K, reserved 1179648K
  class space    used 8527K, committed 9216K, reserved 1048576K
}
Event: 7372.091 GC heap after
{Heap after GC invocations=49 (full 3):
 PSYoungGen      total 17408K, used 256K [0x00000000d5580000, 0x00000000d6b80000, 0x0000000100000000)
  eden space 16896K, 0% used [0x00000000d5580000,0x00000000d5580000,0x00000000d6600000)
  from space 512K, 50% used [0x00000000d6b00000,0x00000000d6b40000,0x00000000d6b80000)
  to   space 1024K, 0% used [0x00000000d6980000,0x00000000d6980000,0x00000000d6a80000)
 ParOldGen       total 68608K, used 64523K [0x0000000080000000, 0x0000000084300000, 0x00000000d5580000)
  object space 68608K, 94% used [0x0000000080000000,0x0000000083f02cd8,0x0000000084300000)
 Metaspace       used 73821K, committed 75392K, reserved 1179648K
  class space    used 8527K, committed 9216K, reserved 1048576K
}
Event: 7372.872 GC heap before
{Heap before GC invocations=50 (full 3):
 PSYoungGen      total 17408K, used 17152K [0x00000000d5580000, 0x00000000d6b80000, 0x0000000100000000)
  eden space 16896K, 100% used [0x00000000d5580000,0x00000000d6600000,0x00000000d6600000)
  from space 512K, 50% used [0x00000000d6b00000,0x00000000d6b40000,0x00000000d6b80000)
  to   space 1024K, 0% used [0x00000000d6980000,0x00000000d6980000,0x00000000d6a80000)
 ParOldGen       total 68608K, used 64523K [0x0000000080000000, 0x0000000084300000, 0x00000000d5580000)
  object space 68608K, 94% used [0x0000000080000000,0x0000000083f02cd8,0x0000000084300000)
 Metaspace       used 73862K, committed 75456K, reserved 1179648K
  class space    used 8530K, committed 9216K, reserved 1048576K
}
Event: 7372.875 GC heap after
{Heap after GC invocations=50 (full 3):
 PSYoungGen      total 17920K, used 256K [0x00000000d5580000, 0x00000000d6b80000, 0x0000000100000000)
  eden space 16896K, 0% used [0x00000000d5580000,0x00000000d5580000,0x00000000d6600000)
  from space 1024K, 25% used [0x00000000d6980000,0x00000000d69c0000,0x00000000d6a80000)
  to   space 512K, 0% used [0x00000000d6b00000,0x00000000d6b00000,0x00000000d6b80000)
 ParOldGen       total 68608K, used 64643K [0x0000000080000000, 0x0000000084300000, 0x00000000d5580000)
  object space 68608K, 94% used [0x0000000080000000,0x0000000083f20cd8,0x0000000084300000)
 Metaspace       used 73862K, committed 75456K, reserved 1179648K
  class space    used 8530K, committed 9216K, reserved 1048576K
}

