# JRE version: OpenJDK Runtime Environment Temurin-21.0.11+10 (21.0.11+10) (build 21.0.11+10-LTS)
# Java VM: OpenJDK 64-Bit Server VM Temurin-21.0.11+10 (21.0.11+10-LTS, mixed mode, sharing, tiered, compressed oops, compressed class ptrs, g1 gc, windows-amd64)
GC Precious Log:
 CardTable entry size: 512
 Card Set container configuration: InlinePtr #cards 5 size 8 Array Of Cards #cards 12 size 40 Howl #buckets 4 coarsen threshold 1843 Howl Bitmap #cards 512 size 80 coarsen threshold 460 Card regions per heap region 1 cards per card region 2048
 CPUs: 16 total, 16 available
 Memory: 32557M
 Large Page Support: Disabled
 NUMA Support: Disabled
 Compressed Oops: Enabled (32-bit)
 Heap Region Size: 1M
 Heap Min Capacity: 8M
 Heap Initial Capacity: 510M
 Heap Max Capacity: 2G
 Pre-touch: Disabled
 Parallel Workers: 13
 Concurrent Workers: 3
 Concurrent Refinement Workers: 13
 Periodic GC: Disabled
Heap:
 garbage-first heap   total 325632K, used 217581K [0x0000000080000000, 0x0000000100000000)
  region size 1024K, 140 young (143360K), 22 survivors (22528K)
 Metaspace       used 97309K, committed 99712K, reserved 1179648K
  class space    used 13831K, committed 15040K, reserved 1048576K
GC Heap History (20 events):
Event: 11.241 GC heap before
{Heap before GC invocations=24 (full 0):
 garbage-first heap   total 89088K, used 84159K [0x0000000080000000, 0x0000000100000000)
  region size 1024K, 25 young (25600K), 1 survivors (1024K)
 Metaspace       used 55439K, committed 57280K, reserved 1114112K
  class space    used 7990K, committed 8896K, reserved 1048576K
}
Event: 11.243 GC heap after
{Heap after GC invocations=25 (full 0):
 garbage-first heap   total 92160K, used 65392K [0x0000000080000000, 0x0000000100000000)
  region size 1024K, 4 young (4096K), 4 survivors (4096K)
 Metaspace       used 55439K, committed 57280K, reserved 1114112K
  class space    used 7990K, committed 8896K, reserved 1048576K
}
Event: 11.409 GC heap before
{Heap before GC invocations=25 (full 0):
 garbage-first heap   total 92160K, used 81776K [0x0000000080000000, 0x0000000100000000)
  region size 1024K, 21 young (21504K), 4 survivors (4096K)
 Metaspace       used 56830K, committed 58752K, reserved 1114112K
  class space    used 8176K, committed 9152K, reserved 1048576K
}
Event: 11.411 GC heap after
{Heap after GC invocations=26 (full 0):
 garbage-first heap   total 92160K, used 65738K [0x0000000080000000, 0x0000000100000000)
  region size 1024K, 2 young (2048K), 2 survivors (2048K)
 Metaspace       used 56830K, committed 58752K, reserved 1114112K
  class space    used 8176K, committed 9152K, reserved 1048576K
}
Event: 11.519 GC heap before
{Heap before GC invocations=26 (full 0):
 garbage-first heap   total 92160K, used 81098K [0x0000000080000000, 0x0000000100000000)
  region size 1024K, 18 young (18432K), 2 survivors (2048K)
 Metaspace       used 58516K, committed 60416K, reserved 1114112K
  class space    used 8346K, committed 9280K, reserved 1048576K
}
Event: 11.520 GC heap after
{Heap after GC invocations=27 (full 0):
 garbage-first heap   total 92160K, used 66028K [0x0000000080000000, 0x0000000100000000)
  region size 1024K, 2 young (2048K), 2 survivors (2048K)
 Metaspace       used 58516K, committed 60416K, reserved 1114112K
  class space    used 8346K, committed 9280K, reserved 1048576K
}
Event: 11.667 GC heap before
{Heap before GC invocations=28 (full 0):
 garbage-first heap   total 112640K, used 83436K [0x0000000080000000, 0x0000000100000000)
  region size 1024K, 19 young (19456K), 2 survivors (2048K)
 Metaspace       used 60261K, committed 62208K, reserved 1114112K
  class space    used 8635K, committed 9536K, reserved 1048576K
}
Event: 11.669 GC heap after
{Heap after GC invocations=29 (full 0):
 garbage-first heap   total 112640K, used 66656K [0x0000000080000000, 0x0000000100000000)
  region size 1024K, 2 young (2048K), 2 survivors (2048K)
 Metaspace       used 60261K, committed 62208K, reserved 1114112K
  class space    used 8635K, committed 9536K, reserved 1048576K
}
Event: 11.945 GC heap before
{Heap before GC invocations=29 (full 0):
 garbage-first heap   total 112640K, used 102496K [0x0000000080000000, 0x0000000100000000)
  region size 1024K, 36 young (36864K), 2 survivors (2048K)
 Metaspace       used 64097K, committed 66112K, reserved 1114112K
  class space    used 9144K, committed 10112K, reserved 1048576K
}
Event: 11.948 GC heap after
{Heap after GC invocations=30 (full 0):
 garbage-first heap   total 112640K, used 69635K [0x0000000080000000, 0x0000000100000000)
  region size 1024K, 4 young (4096K), 4 survivors (4096K)
 Metaspace       used 64097K, committed 66112K, reserved 1114112K
  class space    used 9144K, committed 10112K, reserved 1048576K
}
Event: 12.206 GC heap before
{Heap before GC invocations=30 (full 0):
 garbage-first heap   total 112640K, used 100355K [0x0000000080000000, 0x0000000100000000)
  region size 1024K, 36 young (36864K), 4 survivors (4096K)
 Metaspace       used 67219K, committed 69184K, reserved 1114112K
  class space    used 9571K, committed 10560K, reserved 1048576K
}
Event: 12.209 GC heap after
{Heap after GC invocations=31 (full 0):
 garbage-first heap   total 112640K, used 72203K [0x0000000080000000, 0x0000000100000000)
  region size 1024K, 5 young (5120K), 5 survivors (5120K)
 Metaspace       used 67219K, committed 69184K, reserved 1114112K
  class space    used 9571K, committed 10560K, reserved 1048576K
}
Event: 12.392 GC heap before
{Heap before GC invocations=32 (full 0):
 garbage-first heap   total 128000K, used 109067K [0x0000000080000000, 0x0000000100000000)
  region size 1024K, 36 young (36864K), 5 survivors (5120K)
 Metaspace       used 68738K, committed 70784K, reserved 1114112K
  class space    used 9780K, committed 10816K, reserved 1048576K
}
Event: 12.395 GC heap after
{Heap after GC invocations=33 (full 0):
 garbage-first heap   total 128000K, used 76112K [0x0000000080000000, 0x0000000100000000)
  region size 1024K, 5 young (5120K), 5 survivors (5120K)
 Metaspace       used 68738K, committed 70784K, reserved 1114112K
  class space    used 9780K, committed 10816K, reserved 1048576K
}
Event: 12.689 GC heap before
{Heap before GC invocations=33 (full 0):
 garbage-first heap   total 128000K, used 112976K [0x0000000080000000, 0x0000000100000000)
  region size 1024K, 41 young (41984K), 5 survivors (5120K)
 Metaspace       used 71474K, committed 73536K, reserved 1114112K
  class space    used 10106K, committed 11136K, reserved 1048576K
}
Event: 12.692 GC heap after
{Heap after GC invocations=34 (full 0):
 garbage-first heap   total 325632K, used 78098K [0x0000000080000000, 0x0000000100000000)
  region size 1024K, 3 young (3072K), 3 survivors (3072K)
 Metaspace       used 71474K, committed 73536K, reserved 1114112K
  class space    used 10106K, committed 11136K, reserved 1048576K
}
Event: 13.890 GC heap before
{Heap before GC invocations=34 (full 0):
 garbage-first heap   total 325632K, used 230674K [0x0000000080000000, 0x0000000100000000)
  region size 1024K, 152 young (155648K), 3 survivors (3072K)
 Metaspace       used 82463K, committed 84672K, reserved 1179648K
  class space    used 11787K, committed 12928K, reserved 1048576K
}
Event: 13.894 GC heap after
{Heap after GC invocations=35 (full 0):
 garbage-first heap   total 325632K, used 86481K [0x0000000080000000, 0x0000000100000000)
  region size 1024K, 11 young (11264K), 11 survivors (11264K)
 Metaspace       used 82463K, committed 84672K, reserved 1179648K
  class space    used 11787K, committed 12928K, reserved 1048576K
}
Event: 34.335 GC heap before
{Heap before GC invocations=35 (full 0):
 garbage-first heap   total 325632K, used 266705K [0x0000000080000000, 0x0000000100000000)
  region size 1024K, 186 young (190464K), 11 survivors (11264K)
 Metaspace       used 93369K, committed 95680K, reserved 1179648K
  class space    used 13304K, committed 14464K, reserved 1048576K
}
Event: 34.344 GC heap after
{Heap after GC invocations=36 (full 0):
 garbage-first heap   total 325632K, used 98797K [0x0000000080000000, 0x0000000100000000)
  region size 1024K, 22 young (22528K), 22 survivors (22528K)
 Metaspace       used 93369K, committed 95680K, reserved 1179648K
  class space    used 13304K, committed 14464K, reserved 1048576K
}

