# JRE version: OpenJDK Runtime Environment (21.0.8) (build 21.0.8+-14196175-b1038.72)
# Java VM: OpenJDK 64-Bit Server VM (21.0.8+-14196175-b1038.72, mixed mode, tiered, compressed oops, compressed class ptrs, g1 gc, windows-amd64)
GC Precious Log:
 CardTable entry size: 512
 Card Set container configuration: InlinePtr #cards 5 size 8 Array Of Cards #cards 12 size 40 Howl #buckets 4 coarsen threshold 1843 Howl Bitmap #cards 512 size 80 coarsen threshold 460 Card regions per heap region 1 cards per card region 2048
 CPUs: 16 total, 16 available
 Memory: 32557M
 Large Page Support: Disabled
 NUMA Support: Disabled
 Compressed Oops: Enabled (32-bit)
 Heap Region Size: 1M
 Heap Min Capacity: 8M
 Heap Initial Capacity: 510M
 Heap Max Capacity: 2G
 Pre-touch: Disabled
 Parallel Workers: 13
 Concurrent Workers: 3
 Concurrent Refinement Workers: 13
 Periodic GC: Disabled
Heap:
 garbage-first heap   total 329728K, used 269501K [0x0000000080000000, 0x0000000100000000)
  region size 1024K, 93 young (95232K), 2 survivors (2048K)
 Metaspace       used 148212K, committed 150656K, reserved 1179648K
  class space    used 21542K, committed 22720K, reserved 1048576K
GC Heap History (20 events):
Event: 14.245 GC heap before
{Heap before GC invocations=46 (full 0):
 garbage-first heap   total 242688K, used 215187K [0x0000000080000000, 0x0000000100000000)
  region size 1024K, 75 young (76800K), 5 survivors (5120K)
 Metaspace       used 117368K, committed 119744K, reserved 1179648K
  class space    used 16551K, committed 17728K, reserved 1048576K
}
Event: 14.250 GC heap after
{Heap after GC invocations=47 (full 0):
 garbage-first heap   total 242688K, used 147226K [0x0000000080000000, 0x0000000100000000)
  region size 1024K, 10 young (10240K), 10 survivors (10240K)
 Metaspace       used 117368K, committed 119744K, reserved 1179648K
  class space    used 16551K, committed 17728K, reserved 1048576K
}
Event: 14.682 GC heap before
{Heap before GC invocations=47 (full 0):
 garbage-first heap   total 242688K, used 221978K [0x0000000080000000, 0x0000000100000000)
  region size 1024K, 80 young (81920K), 10 survivors (10240K)
 Metaspace       used 119166K, committed 121536K, reserved 1179648K
  class space    used 16813K, committed 17984K, reserved 1048576K
}
Event: 14.688 GC heap after
{Heap after GC invocations=48 (full 0):
 garbage-first heap   total 242688K, used 151023K [0x0000000080000000, 0x0000000100000000)
  region size 1024K, 6 young (6144K), 6 survivors (6144K)
 Metaspace       used 119166K, committed 121536K, reserved 1179648K
  class space    used 16813K, committed 17984K, reserved 1048576K
}
Event: 15.031 GC heap before
{Heap before GC invocations=48 (full 0):
 garbage-first heap   total 242688K, used 219631K [0x0000000080000000, 0x0000000100000000)
  region size 1024K, 74 young (75776K), 6 survivors (6144K)
 Metaspace       used 124468K, committed 126848K, reserved 1179648K
  class space    used 17710K, committed 18880K, reserved 1048576K
}
Event: 15.036 GC heap after
{Heap after GC invocations=49 (full 0):
 garbage-first heap   total 242688K, used 159892K [0x0000000080000000, 0x0000000100000000)
  region size 1024K, 10 young (10240K), 10 survivors (10240K)
 Metaspace       used 124468K, committed 126848K, reserved 1179648K
  class space    used 17710K, committed 18880K, reserved 1048576K
}
Event: 15.339 GC heap before
{Heap before GC invocations=50 (full 0):
 garbage-first heap   total 268288K, used 216212K [0x0000000080000000, 0x0000000100000000)
  region size 1024K, 66 young (67584K), 10 survivors (10240K)
 Metaspace       used 130359K, committed 132672K, reserved 1179648K
  class space    used 18775K, committed 19904K, reserved 1048576K
}
Event: 15.345 GC heap after
{Heap after GC invocations=51 (full 0):
 garbage-first heap   total 268288K, used 168612K [0x0000000080000000, 0x0000000100000000)
  region size 1024K, 9 young (9216K), 9 survivors (9216K)
 Metaspace       used 130359K, committed 132672K, reserved 1179648K
  class space    used 18775K, committed 19904K, reserved 1048576K
}
Event: 15.641 GC heap before
{Heap before GC invocations=51 (full 0):
 garbage-first heap   total 268288K, used 238244K [0x0000000080000000, 0x0000000100000000)
  region size 1024K, 78 young (79872K), 9 survivors (9216K)
 Metaspace       used 136625K, committed 139008K, reserved 1179648K
  class space    used 19978K, committed 21120K, reserved 1048576K
}
Event: 15.648 GC heap after
{Heap after GC invocations=52 (full 0):
 garbage-first heap   total 322560K, used 173481K [0x0000000080000000, 0x0000000100000000)
  region size 1024K, 8 young (8192K), 8 survivors (8192K)
 Metaspace       used 136625K, committed 139008K, reserved 1179648K
  class space    used 19978K, committed 21120K, reserved 1048576K
}
Event: 16.164 GC heap before
{Heap before GC invocations=52 (full 0):
 garbage-first heap   total 322560K, used 281001K [0x0000000080000000, 0x0000000100000000)
  region size 1024K, 114 young (116736K), 8 survivors (8192K)
 Metaspace       used 140287K, committed 142720K, reserved 1179648K
  class space    used 20393K, committed 21568K, reserved 1048576K
}
Event: 16.168 GC heap after
{Heap after GC invocations=53 (full 0):
 garbage-first heap   total 322560K, used 175148K [0x0000000080000000, 0x0000000100000000)
  region size 1024K, 10 young (10240K), 10 survivors (10240K)
 Metaspace       used 140287K, committed 142720K, reserved 1179648K
  class space    used 20393K, committed 21568K, reserved 1048576K
}
Event: 16.605 GC heap before
{Heap before GC invocations=54 (full 0):
 garbage-first heap   total 322560K, used 293932K [0x0000000080000000, 0x0000000100000000)
  region size 1024K, 126 young (129024K), 10 survivors (10240K)
 Metaspace       used 142418K, committed 144832K, reserved 1179648K
  class space    used 20783K, committed 21952K, reserved 1048576K
}
Event: 16.611 GC heap after
{Heap after GC invocations=55 (full 0):
 garbage-first heap   total 322560K, used 181807K [0x0000000080000000, 0x0000000100000000)
  region size 1024K, 9 young (9216K), 9 survivors (9216K)
 Metaspace       used 142418K, committed 144832K, reserved 1179648K
  class space    used 20783K, committed 21952K, reserved 1048576K
}
Event: 17.092 GC heap before
{Heap before GC invocations=55 (full 0):
 garbage-first heap   total 322560K, used 293423K [0x0000000080000000, 0x0000000100000000)
  region size 1024K, 119 young (121856K), 9 survivors (9216K)
 Metaspace       used 143009K, committed 145408K, reserved 1179648K
  class space    used 20851K, committed 22016K, reserved 1048576K
}
Event: 17.097 GC heap after
{Heap after GC invocations=56 (full 0):
 garbage-first heap   total 322560K, used 176208K [0x0000000080000000, 0x0000000100000000)
  region size 1024K, 6 young (6144K), 6 survivors (6144K)
 Metaspace       used 143009K, committed 145408K, reserved 1179648K
  class space    used 20851K, committed 22016K, reserved 1048576K
}
Event: 17.747 GC heap before
{Heap before GC invocations=56 (full 0):
 garbage-first heap   total 322560K, used 297040K [0x0000000080000000, 0x0000000100000000)
  region size 1024K, 125 young (128000K), 6 survivors (6144K)
 Metaspace       used 144661K, committed 147136K, reserved 1179648K
  class space    used 21084K, committed 22272K, reserved 1048576K
}
Event: 17.753 GC heap after
{Heap after GC invocations=57 (full 0):
 garbage-first heap   total 322560K, used 184436K [0x0000000080000000, 0x0000000100000000)
  region size 1024K, 14 young (14336K), 14 survivors (14336K)
 Metaspace       used 144661K, committed 147136K, reserved 1179648K
  class space    used 21084K, committed 22272K, reserved 1048576K
}
Event: 18.639 GC heap before
{Heap before GC invocations=58 (full 0):
 garbage-first heap   total 322560K, used 320628K [0x0000000080000000, 0x0000000100000000)
  region size 1024K, 59 young (60416K), 14 survivors (14336K)
 Metaspace       used 147053K, committed 149504K, reserved 1179648K
  class space    used 21394K, committed 22592K, reserved 1048576K
}
Event: 18.644 GC heap after
{Heap after GC invocations=59 (full 0):
 garbage-first heap   total 329728K, used 177341K [0x0000000080000000, 0x0000000100000000)
  region size 1024K, 2 young (2048K), 2 survivors (2048K)
 Metaspace       used 147053K, committed 149504K, reserved 1179648K
  class space    used 21394K, committed 22592K, reserved 1048576K
}

