# JRE version: OpenJDK Runtime Environment Zulu24.30+11-CA (24.0.1+9) (build 24.0.1+9)
# Java VM: OpenJDK 64-Bit Server VM Zulu24.30+11-CA (24.0.1+9, mixed mode, sharing, tiered, compressed oops, compressed class ptrs, g1 gc, windows-amd64)
GC Precious Log:
 CardTable entry size: 512
 Card Set container configuration: InlinePtr #cards 5 size 8 Array Of Cards #cards 10 size 36 Howl #buckets 4 coarsen threshold 1843 Howl Bitmap #cards 512 size 80 coarsen threshold 460 Card regions per heap region 1 cards per card region 2048
 CPUs: 16 total, 16 available
 Memory: 32557M
 Large Page Support: Disabled
 NUMA Support: Disabled
 Compressed Oops: Enabled (32-bit)
 Heap Region Size: 1M
 Heap Min Capacity: 8M
 Heap Initial Capacity: 510M
 Heap Max Capacity: 2G
 Pre-touch: Disabled
 Parallel Workers: 13
 Concurrent Workers: 3
 Concurrent Refinement Workers: 13
 Periodic GC: Disabled
Heap:
 garbage-first heap   total reserved 2097152K, committed 225280K, used 127808K [0x0000000080000000, 0x0000000100000000)
  region size 1024K, 44 young (45056K), 11 survivors (11264K)
 Metaspace       used 91175K, committed 93568K, reserved 1179648K
  class space    used 10401K, committed 11520K, reserved 1048576K
GC Heap History (20 events):
Event: 4.863 GC heap before
{Heap before GC invocations=8 (full 0):
 garbage-first heap   total reserved 2097152K, committed 109568K, used 86206K [0x0000000080000000, 0x0000000100000000)
  region size 1024K, 54 young (55296K), 7 survivors (7168K)
 Metaspace       used 42837K, committed 44608K, reserved 1114112K
  class space    used 4908K, committed 5696K, reserved 1048576K
}
Event: 4.866 GC heap after
{Heap after GC invocations=9 (full 0):
 garbage-first heap   total reserved 2097152K, committed 109568K, used 40551K [0x0000000080000000, 0x0000000100000000)
  region size 1024K, 3 young (3072K), 3 survivors (3072K)
 Metaspace       used 42837K, committed 44608K, reserved 1114112K
  class space    used 4908K, committed 5696K, reserved 1048576K
}
Event: 8.785 GC heap before
{Heap before GC invocations=9 (full 0):
 garbage-first heap   total reserved 2097152K, committed 109568K, used 88679K [0x0000000080000000, 0x0000000100000000)
  region size 1024K, 50 young (51200K), 3 survivors (3072K)
 Metaspace       used 48603K, committed 50432K, reserved 1114112K
  class space    used 5595K, committed 6400K, reserved 1048576K
}
Event: 8.789 GC heap after
{Heap after GC invocations=10 (full 0):
 garbage-first heap   total reserved 2097152K, committed 109568K, used 42291K [0x0000000080000000, 0x0000000100000000)
  region size 1024K, 4 young (4096K), 4 survivors (4096K)
 Metaspace       used 48603K, committed 50432K, reserved 1114112K
  class space    used 5595K, committed 6400K, reserved 1048576K
}
Event: 9.797 GC heap before
{Heap before GC invocations=10 (full 0):
 garbage-first heap   total reserved 2097152K, committed 109568K, used 91443K [0x0000000080000000, 0x0000000100000000)
  region size 1024K, 52 young (53248K), 4 survivors (4096K)
 Metaspace       used 53620K, committed 55680K, reserved 1114112K
  class space    used 6223K, committed 7168K, reserved 1048576K
}
Event: 9.805 GC heap after
{Heap after GC invocations=11 (full 0):
 garbage-first heap   total reserved 2097152K, committed 109568K, used 46473K [0x0000000080000000, 0x0000000100000000)
  region size 1024K, 7 young (7168K), 7 survivors (7168K)
 Metaspace       used 53620K, committed 55680K, reserved 1114112K
  class space    used 6223K, committed 7168K, reserved 1048576K
}
Event: 11.088 GC heap before
{Heap before GC invocations=11 (full 0):
 garbage-first heap   total reserved 2097152K, committed 109568K, used 92553K [0x0000000080000000, 0x0000000100000000)
  region size 1024K, 53 young (54272K), 7 survivors (7168K)
 Metaspace       used 56707K, committed 58752K, reserved 1114112K
  class space    used 6611K, committed 7552K, reserved 1048576K
}
Event: 11.101 GC heap after
{Heap after GC invocations=12 (full 0):
 garbage-first heap   total reserved 2097152K, committed 109568K, used 53168K [0x0000000080000000, 0x0000000100000000)
  region size 1024K, 7 young (7168K), 7 survivors (7168K)
 Metaspace       used 56707K, committed 58752K, reserved 1114112K
  class space    used 6611K, committed 7552K, reserved 1048576K
}
Event: 12.200 GC heap before
{Heap before GC invocations=12 (full 0):
 garbage-first heap   total reserved 2097152K, committed 109568K, used 92080K [0x0000000080000000, 0x0000000100000000)
  region size 1024K, 46 young (47104K), 7 survivors (7168K)
 Metaspace       used 57314K, committed 59392K, reserved 1114112K
  class space    used 6654K, committed 7616K, reserved 1048576K
}
Event: 12.210 GC heap after
{Heap after GC invocations=13 (full 0):
 garbage-first heap   total reserved 2097152K, committed 316416K, used 56128K [0x0000000080000000, 0x0000000100000000)
  region size 1024K, 5 young (5120K), 5 survivors (5120K)
 Metaspace       used 57314K, committed 59392K, reserved 1114112K
  class space    used 6654K, committed 7616K, reserved 1048576K
}
Event: 14.792 GC heap before
{Heap before GC invocations=13 (full 0):
 garbage-first heap   total reserved 2097152K, committed 316416K, used 187200K [0x0000000080000000, 0x0000000100000000)
  region size 1024K, 132 young (135168K), 5 survivors (5120K)
 Metaspace       used 58083K, committed 60160K, reserved 1114112K
  class space    used 6709K, committed 7680K, reserved 1048576K
}
Event: 14.803 GC heap after
{Heap after GC invocations=14 (full 0):
 garbage-first heap   total reserved 2097152K, committed 316416K, used 64700K [0x0000000080000000, 0x0000000100000000)
  region size 1024K, 10 young (10240K), 10 survivors (10240K)
 Metaspace       used 58083K, committed 60160K, reserved 1114112K
  class space    used 6709K, committed 7680K, reserved 1048576K
}
Event: 21.335 GC heap before
{Heap before GC invocations=15 (full 0):
 garbage-first heap   total reserved 2097152K, committed 222208K, used 195772K [0x0000000080000000, 0x0000000100000000)
  region size 1024K, 130 young (133120K), 10 survivors (10240K)
 Metaspace       used 69308K, committed 71488K, reserved 1114112K
  class space    used 7829K, committed 8832K, reserved 1048576K
}
Event: 21.348 GC heap after
{Heap after GC invocations=16 (full 0):
 garbage-first heap   total reserved 2097152K, committed 222208K, used 78800K [0x0000000080000000, 0x0000000100000000)
  region size 1024K, 16 young (16384K), 16 survivors (16384K)
 Metaspace       used 69308K, committed 71488K, reserved 1114112K
  class space    used 7829K, committed 8832K, reserved 1048576K
}
Event: 24.911 GC heap before
{Heap before GC invocations=16 (full 0):
 garbage-first heap   total reserved 2097152K, committed 222208K, used 194512K [0x0000000080000000, 0x0000000100000000)
  region size 1024K, 125 young (128000K), 16 survivors (16384K)
 Metaspace       used 75121K, committed 77312K, reserved 1179648K
  class space    used 8353K, committed 9344K, reserved 1048576K
}
Event: 24.946 GC heap after
{Heap after GC invocations=17 (full 0):
 garbage-first heap   total reserved 2097152K, committed 225280K, used 87801K [0x0000000080000000, 0x0000000100000000)
  region size 1024K, 12 young (12288K), 12 survivors (12288K)
 Metaspace       used 75121K, committed 77312K, reserved 1179648K
  class space    used 8353K, committed 9344K, reserved 1048576K
}
Event: 27.311 GC heap before
{Heap before GC invocations=17 (full 0):
 garbage-first heap   total reserved 2097152K, committed 225280K, used 194297K [0x0000000080000000, 0x0000000100000000)
  region size 1024K, 116 young (118784K), 12 survivors (12288K)
 Metaspace       used 82923K, committed 85184K, reserved 1179648K
  class space    used 9267K, committed 10304K, reserved 1048576K
}
Event: 27.322 GC heap after
{Heap after GC invocations=18 (full 0):
 garbage-first heap   total reserved 2097152K, committed 225280K, used 89756K [0x0000000080000000, 0x0000000100000000)
  region size 1024K, 5 young (5120K), 5 survivors (5120K)
 Metaspace       used 82923K, committed 85184K, reserved 1179648K
  class space    used 9267K, committed 10304K, reserved 1048576K
}
Event: 31.412 GC heap before
{Heap before GC invocations=18 (full 0):
 garbage-first heap   total reserved 2097152K, committed 225280K, used 197276K [0x0000000080000000, 0x0000000100000000)
  region size 1024K, 111 young (113664K), 5 survivors (5120K)
 Metaspace       used 90068K, committed 92480K, reserved 1179648K
  class space    used 10186K, committed 11328K, reserved 1048576K
}
Event: 31.426 GC heap after
{Heap after GC invocations=19 (full 0):
 garbage-first heap   total reserved 2097152K, committed 225280K, used 95040K [0x0000000080000000, 0x0000000100000000)
  region size 1024K, 11 young (11264K), 11 survivors (11264K)
 Metaspace       used 90068K, committed 92480K, reserved 1179648K
  class space    used 10186K, committed 11328K, reserved 1048576K
}

